<?xml version="1.0" encoding="UTF-8"?>
<coverage generated="1775062214896" clover="3.2.0">
  <project timestamp="1775062214896" name="All files">
    <metrics statements="466" coveredstatements="135" conditionals="250" coveredconditionals="38" methods="66" coveredmethods="11" elements="782" coveredelements="184" complexity="0" loc="466" ncloc="466" packages="1" files="1" classes="1"/>
    <file name="server.js" path="C:\Users\MY PC\Desktop\pawshop\backend\src\server.js">
      <metrics statements="466" coveredstatements="135" conditionals="250" coveredconditionals="38" methods="66" coveredmethods="11"/>
      <line num="7" count="5" type="stmt"/>
      <line num="8" count="5" type="cond" truecount="1" falsecount="1"/>
      <line num="9" count="5" type="stmt"/>
      <line num="10" count="5" type="stmt"/>
      <line num="11" count="5" type="stmt"/>
      <line num="12" count="5" type="stmt"/>
      <line num="13" count="5" type="stmt"/>
      <line num="14" count="5" type="stmt"/>
      <line num="15" count="5" type="stmt"/>
      <line num="16" count="5" type="stmt"/>
      <line num="17" count="5" type="stmt"/>
      <line num="18" count="5" type="stmt"/>
      <line num="19" count="5" type="stmt"/>
      <line num="20" count="5" type="stmt"/>
      <line num="21" count="5" type="stmt"/>
      <line num="22" count="5" type="stmt"/>
      <line num="23" count="5" type="stmt"/>
      <line num="25" count="5" type="stmt"/>
      <line num="28" count="5" type="stmt"/>
      <line num="30" count="5" type="stmt"/>
      <line num="34" count="5" type="stmt"/>
      <line num="35" count="5" type="stmt"/>
      <line num="38" count="5" type="stmt"/>
      <line num="39" count="5" type="cond" truecount="1" falsecount="1"/>
      <line num="40" count="5" type="stmt"/>
      <line num="43" count="5" type="stmt"/>
      <line num="45" count="0" type="stmt"/>
      <line num="46" count="0" type="cond" truecount="0" falsecount="2"/>
      <line num="47" count="0" type="stmt"/>
      <line num="50" count="0" type="cond" truecount="0" falsecount="2"/>
      <line num="51" count="0" type="stmt"/>
      <line num="54" count="5" type="stmt"/>
      <line num="58" count="0" type="cond" truecount="0" falsecount="2"/>
      <line num="59" count="0" type="stmt"/>
      <line num="65" count="5" type="stmt"/>
      <line num="77" count="5" type="cond" truecount="1" falsecount="1"/>
      <line num="78" count="0" type="stmt"/>
      <line num="81" count="5" type="stmt"/>
      <line num="83" count="5" type="stmt"/>
      <line num="84" count="5" type="stmt"/>
      <line num="85" count="0" type="stmt"/>
      <line num="88" count="5" type="cond" truecount="1" falsecount="1"/>
      <line num="89" count="5" type="cond" truecount="1" falsecount="1"/>
      <line num="92" count="11" type="stmt"/>
      <line num="96" count="4" type="stmt"/>
      <line num="97" count="4" type="cond" truecount="3" falsecount="1"/>
      <line num="98" count="4" type="stmt"/>
      <line num="99" count="4" type="stmt"/>
      <line num="100" count="4" type="stmt"/>
      <line num="102" count="0" type="stmt"/>
      <line num="107" count="3" type="cond" truecount="1" falsecount="1"/>
      <line num="108" count="0" type="stmt"/>
      <line num="112" count="0" type="stmt"/>
      <line num="119" count="0" type="stmt"/>
      <line num="120" count="0" type="stmt"/>
      <line num="121" count="0" type="cond" truecount="0" falsecount="3"/>
      <line num="122" count="0" type="stmt"/>
      <line num="124" count="0" type="stmt"/>
      <line num="128" count="0" type="stmt"/>
      <line num="133" count="0" type="stmt"/>
      <line num="134" count="0" type="stmt"/>
      <line num="135" count="0" type="stmt"/>
      <line num="136" count="0" type="stmt"/>
      <line num="137" count="0" type="stmt"/>
      <line num="138" count="0" type="stmt"/>
      <line num="143" count="0" type="cond" truecount="0" falsecount="3"/>
      <line num="145" count="0" type="cond" truecount="0" falsecount="5"/>
      <line num="146" count="0" type="stmt"/>
      <line num="151" count="0" type="stmt"/>
      <line num="152" count="0" type="stmt"/>
      <line num="158" count="0" type="stmt"/>
      <line num="162" count="0" type="cond" truecount="0" falsecount="2"/>
      <line num="165" count="0" type="stmt"/>
      <line num="166" count="0" type="cond" truecount="0" falsecount="2"/>
      <line num="167" count="0" type="stmt"/>
      <line num="168" count="0" type="cond" truecount="0" falsecount="2"/>
      <line num="172" count="0" type="cond" truecount="0" falsecount="2"/>
      <line num="173" count="0" type="stmt"/>
      <line num="177" count="0" type="stmt"/>
      <line num="178" count="0" type="stmt"/>
      <line num="182" count="0" type="stmt"/>
      <line num="187" count="0" type="stmt"/>
      <line num="195" count="5" type="cond" truecount="1" falsecount="1"/>
      <line num="196" count="0" type="stmt"/>
      <line num="201" count="0" type="stmt"/>
      <line num="202" count="0" type="stmt"/>
      <line num="209" count="0" type="stmt"/>
      <line num="210" count="0" type="stmt"/>
      <line num="214" count="5" type="cond" truecount="1" falsecount="1"/>
      <line num="215" count="0" type="stmt"/>
      <line num="221" count="0" type="stmt"/>
      <line num="222" count="0" type="stmt"/>
      <line num="229" count="0" type="stmt"/>
      <line num="230" count="0" type="stmt"/>
      <line num="234" count="5" type="cond" truecount="1" falsecount="1"/>
      <line num="235" count="0" type="stmt"/>
      <line num="240" count="0" type="stmt"/>
      <line num="241" count="0" type="stmt"/>
      <line num="248" count="0" type="stmt"/>
      <line num="249" count="0" type="stmt"/>
      <line num="258" count="5" type="stmt"/>
      <line num="265" count="9" type="stmt"/>
      <line num="266" count="9" type="cond" truecount="2" falsecount="0"/>
      <line num="268" count="7" type="stmt"/>
      <line num="269" count="7" type="stmt"/>
      <line num="270" count="7" type="stmt"/>
      <line num="271" count="7" type="cond" truecount="1" falsecount="1"/>
      <line num="273" count="7" type="stmt"/>
      <line num="274" count="7" type="stmt"/>
      <line num="278" count="7" type="stmt"/>
      <line num="279" count="7" type="stmt"/>
      <line num="280" count="7" type="stmt"/>
      <line num="282" count="0" type="stmt"/>
      <line num="288" count="5" type="stmt"/>
      <line num="294" count="6" type="stmt"/>
      <line num="295" count="6" type="cond" truecount="1" falsecount="1"/>
      <line num="297" count="6" type="stmt"/>
      <line num="298" count="6" type="stmt"/>
      <line num="299" count="6" type="stmt"/>
      <line num="300" count="6" type="cond" truecount="2" falsecount="0"/>
      <line num="302" count="5" type="stmt"/>
      <line num="303" count="5" type="cond" truecount="1" falsecount="1"/>
      <line num="305" count="5" type="stmt"/>
      <line num="306" count="5" type="cond" truecount="2" falsecount="0"/>
      <line num="308" count="4" type="stmt"/>
      <line num="309" count="4" type="stmt"/>
      <line num="311" count="0" type="stmt"/>
      <line num="317" count="5" type="stmt"/>
      <line num="318" count="0" type="stmt"/>
      <line num="322" count="0" type="cond" truecount="0" falsecount="2"/>
      <line num="323" count="0" type="stmt"/>
      <line num="327" count="15" type="stmt"/>
      <line num="328" count="0" type="stmt"/>
      <line num="329" count="0" type="stmt"/>
      <line num="332" count="5" type="stmt"/>
      <line num="333" count="5" type="stmt"/>
      <line num="338" count="5" type="stmt"/>
      <line num="339" count="5" type="stmt"/>
      <line num="344" count="5" type="stmt"/>
      <line num="345" count="5" type="stmt"/>
      <line num="355" count="5" type="stmt"/>
      <line num="356" count="1" type="stmt"/>
      <line num="357" count="1" type="cond" truecount="2" falsecount="0"/>
      <line num="358" count="1" type="stmt"/>
      <line num="359" count="1" type="stmt"/>
      <line num="360" count="1" type="stmt"/>
      <line num="362" count="1" type="cond" truecount="1" falsecount="1"/>
      <line num="363" count="1" type="cond" truecount="1" falsecount="1"/>
      <line num="365" count="1" type="cond" truecount="1" falsecount="1"/>
      <line num="367" count="1" type="stmt"/>
      <line num="373" count="1" type="stmt"/>
      <line num="378" count="1" type="stmt"/>
      <line num="380" count="0" type="stmt"/>
      <line num="385" count="5" type="stmt"/>
      <line num="386" count="0" type="stmt"/>
      <line num="387" count="0" type="stmt"/>
      <line num="398" count="0" type="cond" truecount="0" falsecount="2"/>
      <line num="399" count="0" type="stmt"/>
      <line num="401" count="0" type="stmt"/>
      <line num="406" count="5" type="stmt"/>
      <line num="407" count="0" type="stmt"/>
      <line num="408" count="0" type="stmt"/>
      <line num="420" count="0" type="cond" truecount="0" falsecount="2"/>
      <line num="422" count="0" type="stmt"/>
      <line num="428" count="0" type="stmt"/>
      <line num="430" count="0" type="stmt"/>
      <line num="435" count="5" type="stmt"/>
      <line num="438" count="0" type="stmt"/>
      <line num="439" count="0" type="cond" truecount="0" falsecount="2"/>
      <line num="441" count="0" type="stmt"/>
      <line num="442" count="0" type="stmt"/>
      <line num="444" count="0" type="stmt"/>
      <line num="445" count="0" type="stmt"/>
      <line num="449" count="0" type="stmt"/>
      <line num="450" count="0" type="stmt"/>
      <line num="452" count="0" type="stmt"/>
      <line num="458" count="5" type="stmt"/>
      <line num="459" count="0" type="stmt"/>
      <line num="460" count="0" type="stmt"/>
      <line num="461" count="0" type="stmt"/>
      <line num="465" count="0" type="stmt"/>
      <line num="466" count="0" type="stmt"/>
      <line num="468" count="0" type="stmt"/>
      <line num="473" count="5" type="stmt"/>
      <line num="474" count="0" type="stmt"/>
      <line num="475" count="0" type="stmt"/>
      <line num="482" count="5" type="stmt"/>
      <line num="483" count="0" type="stmt"/>
      <line num="484" count="0" type="stmt"/>
      <line num="488" count="5" type="stmt"/>
      <line num="489" count="0" type="stmt"/>
      <line num="490" count="0" type="cond" truecount="0" falsecount="4"/>
      <line num="491" count="0" type="stmt"/>
      <line num="492" count="0" type="stmt"/>
      <line num="496" count="0" type="stmt"/>
      <line num="497" count="0" type="stmt"/>
      <line num="499" count="0" type="cond" truecount="0" falsecount="2"/>
      <line num="500" count="0" type="stmt"/>
      <line num="505" count="5" type="stmt"/>
      <line num="506" count="0" type="stmt"/>
      <line num="507" count="0" type="stmt"/>
      <line num="508" count="0" type="stmt"/>
      <line num="512" count="0" type="stmt"/>
      <line num="513" count="0" type="cond" truecount="0" falsecount="2"/>
      <line num="514" count="0" type="stmt"/>
      <line num="516" count="0" type="cond" truecount="0" falsecount="2"/>
      <line num="517" count="0" type="stmt"/>
      <line num="522" count="5" type="stmt"/>
      <line num="523" count="0" type="stmt"/>
      <line num="524" count="0" type="stmt"/>
      <line num="525" count="0" type="cond" truecount="0" falsecount="2"/>
      <line num="526" count="0" type="stmt"/>
      <line num="527" count="0" type="stmt"/>
      <line num="528" count="0" type="stmt"/>
      <line num="536" count="5" type="stmt"/>
      <line num="537" count="1" type="stmt"/>
      <line num="538" count="1" type="cond" truecount="3" falsecount="1"/>
      <line num="540" count="0" type="stmt"/>
      <line num="541" count="0" type="stmt"/>
      <line num="542" count="0" type="stmt"/>
      <line num="544" count="0" type="stmt"/>
      <line num="545" count="0" type="stmt"/>
      <line num="546" count="0" type="cond" truecount="0" falsecount="2"/>
      <line num="547" count="0" type="cond" truecount="0" falsecount="2"/>
      <line num="551" count="0" type="stmt"/>
      <line num="552" count="0" type="stmt"/>
      <line num="553" count="0" type="stmt"/>
      <line num="554" count="0" type="stmt"/>
      <line num="555" count="0" type="stmt"/>
      <line num="556" count="0" type="stmt"/>
      <line num="557" count="0" type="stmt"/>
      <line num="560" count="0" type="stmt"/>
      <line num="561" count="0" type="stmt"/>
      <line num="564" count="0" type="stmt"/>
      <line num="568" count="0" type="stmt"/>
      <line num="571" count="0" type="stmt"/>
      <line num="572" count="0" type="stmt"/>
      <line num="576" count="0" type="stmt"/>
      <line num="579" count="0" type="cond" truecount="0" falsecount="2"/>
      <line num="580" count="0" type="stmt"/>
      <line num="586" count="0" type="stmt"/>
      <line num="587" count="0" type="stmt"/>
      <line num="588" count="0" type="stmt"/>
      <line num="590" count="0" type="stmt"/>
      <line num="591" count="0" type="stmt"/>
      <line num="593" count="0" type="stmt"/>
      <line num="598" count="5" type="stmt"/>
      <line num="599" count="0" type="stmt"/>
      <line num="600" count="0" type="cond" truecount="0" falsecount="2"/>
      <line num="601" count="0" type="stmt"/>
      <line num="602" count="0" type="cond" truecount="0" falsecount="2"/>
      <line num="603" count="0" type="cond" truecount="0" falsecount="2"/>
      <line num="605" count="0" type="cond" truecount="0" falsecount="2"/>
      <line num="606" count="0" type="cond" truecount="0" falsecount="2"/>
      <line num="608" count="0" type="stmt"/>
      <line num="614" count="0" type="stmt"/>
      <line num="616" count="0" type="stmt"/>
      <line num="621" count="5" type="stmt"/>
      <line num="622" count="0" type="stmt"/>
      <line num="623" count="0" type="stmt"/>
      <line num="624" count="0" type="cond" truecount="0" falsecount="2"/>
      <line num="625" count="0" type="cond" truecount="0" falsecount="4"/>
      <line num="627" count="0" type="stmt"/>
      <line num="628" count="0" type="stmt"/>
      <line num="630" count="0" type="stmt"/>
      <line num="635" count="5" type="stmt"/>
      <line num="636" count="0" type="stmt"/>
      <line num="637" count="0" type="stmt"/>
      <line num="638" count="0" type="cond" truecount="0" falsecount="2"/>
      <line num="640" count="0" type="stmt"/>
      <line num="641" count="0" type="stmt"/>
      <line num="647" count="5" type="stmt"/>
      <line num="649" count="5" type="stmt"/>
      <line num="660" count="5" type="stmt"/>
      <line num="661" count="0" type="stmt"/>
      <line num="662" count="0" type="stmt"/>
      <line num="663" count="0" type="cond" truecount="0" falsecount="2"/>
      <line num="665" count="0" type="stmt"/>
      <line num="669" count="0" type="cond" truecount="0" falsecount="2"/>
      <line num="670" count="0" type="cond" truecount="0" falsecount="2"/>
      <line num="672" count="0" type="stmt"/>
      <line num="673" count="0" type="stmt"/>
      <line num="674" count="0" type="stmt"/>
      <line num="676" count="0" type="stmt"/>
      <line num="686" count="0" type="stmt"/>
      <line num="693" count="0" type="stmt"/>
      <line num="694" count="0" type="stmt"/>
      <line num="697" count="0" type="stmt"/>
      <line num="698" count="0" type="stmt"/>
      <line num="703" count="5" type="stmt"/>
      <line num="704" count="0" type="cond" truecount="0" falsecount="2"/>
      <line num="705" count="0" type="stmt"/>
      <line num="706" count="0" type="stmt"/>
      <line num="707" count="0" type="stmt"/>
      <line num="708" count="0" type="stmt"/>
      <line num="710" count="0" type="cond" truecount="0" falsecount="2"/>
      <line num="711" count="0" type="stmt"/>
      <line num="712" count="0" type="stmt"/>
      <line num="715" count="0" type="stmt"/>
      <line num="716" count="0" type="cond" truecount="0" falsecount="2"/>
      <line num="718" count="0" type="stmt"/>
      <line num="726" count="0" type="stmt"/>
      <line num="732" count="0" type="cond" truecount="0" falsecount="2"/>
      <line num="734" count="0" type="cond" truecount="0" falsecount="2"/>
      <line num="735" count="0" type="stmt"/>
      <line num="740" count="0" type="stmt"/>
      <line num="741" count="0" type="stmt"/>
      <line num="744" count="0" type="stmt"/>
      <line num="745" count="0" type="stmt"/>
      <line num="747" count="0" type="stmt"/>
      <line num="748" count="0" type="stmt"/>
      <line num="753" count="5" type="stmt"/>
      <line num="754" count="0" type="stmt"/>
      <line num="755" count="0" type="stmt"/>
      <line num="756" count="0" type="stmt"/>
      <line num="757" count="0" type="stmt"/>
      <line num="759" count="0" type="cond" truecount="0" falsecount="2"/>
      <line num="760" count="0" type="stmt"/>
      <line num="761" count="0" type="stmt"/>
      <line num="764" count="0" type="stmt"/>
      <line num="768" count="0" type="cond" truecount="0" falsecount="2"/>
      <line num="769" count="0" type="cond" truecount="0" falsecount="2"/>
      <line num="771" count="0" type="cond" truecount="0" falsecount="2"/>
      <line num="772" count="0" type="stmt"/>
      <line num="773" count="0" type="stmt"/>
      <line num="776" count="0" type="stmt"/>
      <line num="777" count="0" type="cond" truecount="0" falsecount="2"/>
      <line num="779" count="0" type="stmt"/>
      <line num="786" count="0" type="cond" truecount="0" falsecount="2"/>
      <line num="787" count="0" type="stmt"/>
      <line num="792" count="0" type="stmt"/>
      <line num="795" count="0" type="stmt"/>
      <line num="798" count="0" type="stmt"/>
      <line num="799" count="0" type="stmt"/>
      <line num="809" count="5" type="stmt"/>
      <line num="810" count="0" type="stmt"/>
      <line num="811" count="0" type="cond" truecount="0" falsecount="2"/>
      <line num="812" count="0" type="stmt"/>
      <line num="813" count="0" type="stmt"/>
      <line num="822" count="0" type="stmt"/>
      <line num="824" count="0" type="stmt"/>
      <line num="829" count="5" type="stmt"/>
      <line num="832" count="0" type="stmt"/>
      <line num="833" count="0" type="cond" truecount="0" falsecount="2"/>
      <line num="835" count="0" type="stmt"/>
      <line num="836" count="0" type="stmt"/>
      <line num="837" count="0" type="stmt"/>
      <line num="841" count="0" type="stmt"/>
      <line num="845" count="0" type="stmt"/>
      <line num="847" count="0" type="stmt"/>
      <line num="856" count="5" type="stmt"/>
      <line num="857" count="0" type="stmt"/>
      <line num="858" count="0" type="stmt"/>
      <line num="859" count="0" type="stmt"/>
      <line num="860" count="0" type="stmt"/>
      <line num="861" count="0" type="stmt"/>
      <line num="862" count="0" type="stmt"/>
      <line num="863" count="0" type="stmt"/>
      <line num="865" count="0" type="stmt"/>
      <line num="874" count="0" type="stmt"/>
      <line num="879" count="5" type="stmt"/>
      <line num="880" count="0" type="stmt"/>
      <line num="881" count="0" type="stmt"/>
      <line num="885" count="5" type="stmt"/>
      <line num="886" count="0" type="stmt"/>
      <line num="887" count="0" type="stmt"/>
      <line num="888" count="0" type="stmt"/>
      <line num="896" count="5" type="stmt"/>
      <line num="897" count="0" type="stmt"/>
      <line num="898" count="0" type="stmt"/>
      <line num="906" count="0" type="stmt"/>
      <line num="907" count="0" type="stmt"/>
      <line num="911" count="5" type="stmt"/>
      <line num="912" count="0" type="stmt"/>
      <line num="913" count="0" type="stmt"/>
      <line num="921" count="5" type="stmt"/>
      <line num="922" count="0" type="stmt"/>
      <line num="923" count="0" type="stmt"/>
      <line num="927" count="5" type="stmt"/>
      <line num="928" count="0" type="cond" truecount="0" falsecount="4"/>
      <line num="929" count="0" type="cond" truecount="0" falsecount="4"/>
      <line num="930" count="0" type="stmt"/>
      <line num="931" count="0" type="stmt"/>
      <line num="935" count="0" type="stmt"/>
      <line num="936" count="0" type="stmt"/>
      <line num="938" count="0" type="cond" truecount="0" falsecount="2"/>
      <line num="939" count="0" type="stmt"/>
      <line num="944" count="5" type="stmt"/>
      <line num="945" count="0" type="stmt"/>
      <line num="946" count="0" type="stmt"/>
      <line num="947" count="0" type="stmt"/>
      <line num="951" count="0" type="stmt"/>
      <line num="952" count="0" type="stmt"/>
      <line num="953" count="0" type="stmt"/>
      <line num="957" count="5" type="stmt"/>
      <line num="958" count="0" type="stmt"/>
      <line num="959" count="0" type="stmt"/>
      <line num="963" count="5" type="stmt"/>
      <line num="964" count="0" type="stmt"/>
      <line num="965" count="0" type="stmt"/>
      <line num="973" count="0" type="stmt"/>
      <line num="974" count="0" type="stmt"/>
      <line num="978" count="5" type="stmt"/>
      <line num="979" count="0" type="stmt"/>
      <line num="980" count="0" type="cond" truecount="0" falsecount="2"/>
      <line num="981" count="0" type="stmt"/>
      <line num="982" count="0" type="stmt"/>
      <line num="986" count="0" type="cond" truecount="0" falsecount="2"/>
      <line num="987" count="0" type="cond" truecount="0" falsecount="4"/>
      <line num="988" count="0" type="stmt"/>
      <line num="989" count="0" type="cond" truecount="0" falsecount="2"/>
      <line num="992" count="0" type="stmt"/>
      <line num="993" count="0" type="stmt"/>
      <line num="1001" count="5" type="stmt"/>
      <line num="1002" count="0" type="stmt"/>
      <line num="1003" count="0" type="stmt"/>
      <line num="1007" count="5" type="stmt"/>
      <line num="1008" count="0" type="stmt"/>
      <line num="1009" count="0" type="cond" truecount="0" falsecount="5"/>
      <line num="1010" count="0" type="stmt"/>
      <line num="1011" count="0" type="stmt"/>
      <line num="1015" count="0" type="stmt"/>
      <line num="1016" count="0" type="stmt"/>
      <line num="1020" count="5" type="stmt"/>
      <line num="1021" count="0" type="stmt"/>
      <line num="1022" count="0" type="stmt"/>
      <line num="1023" count="0" type="stmt"/>
      <line num="1027" count="5" type="stmt"/>
      <line num="1028" count="0" type="stmt"/>
      <line num="1029" count="0" type="stmt"/>
      <line num="1033" count="5" type="stmt"/>
      <line num="1034" count="0" type="stmt"/>
      <line num="1035" count="0" type="stmt"/>
      <line num="1043" count="5" type="stmt"/>
      <line num="1044" count="0" type="stmt"/>
      <line num="1045" count="0" type="stmt"/>
      <line num="1046" count="0" type="stmt"/>
      <line num="1047" count="0" type="stmt"/>
      <line num="1048" count="0" type="stmt"/>
      <line num="1049" count="0" type="stmt"/>
      <line num="1053" count="5" type="stmt"/>
      <line num="1054" count="0" type="stmt"/>
      <line num="1055" count="0" type="stmt"/>
      <line num="1056" count="0" type="stmt"/>
      <line num="1057" count="0" type="stmt"/>
      <line num="1062" count="0" type="stmt"/>
      <line num="1063" count="0" type="stmt"/>
      <line num="1070" count="5" type="stmt"/>
      <line num="1072" count="5" type="stmt"/>
      <line num="1073" count="0" type="stmt"/>
      <line num="1074" count="0" type="stmt"/>
      <line num="1075" count="0" type="cond" truecount="0" falsecount="4"/>
      <line num="1077" count="0" type="stmt"/>
      <line num="1078" count="0" type="cond" truecount="0" falsecount="2"/>
      <line num="1080" count="0" type="stmt"/>
      <line num="1082" count="0" type="stmt"/>
      <line num="1090" count="0" type="cond" truecount="0" falsecount="2"/>
      <line num="1091" count="0" type="stmt"/>
      <line num="1094" count="0" type="stmt"/>
      <line num="1095" count="0" type="cond" truecount="0" falsecount="2"/>
      <line num="1096" count="0" type="cond" truecount="0" falsecount="2"/>
      <line num="1100" count="5" type="stmt"/>
      <line num="1105" count="5" type="cond" truecount="1" falsecount="1"/>
      <line num="1108" count="5" type="cond" truecount="1" falsecount="1"/>
      <line num="1109" count="0" type="stmt"/>
      <line num="1112" count="5" type="stmt"/>
    </file>
  </project>
</coverage>
