{"C:\\Users\\MY PC\\Desktop\\pawshop\\backend\\src\\server.js": {"path":"C:\\Users\\MY PC\\Desktop\\pawshop\\backend\\src\\server.js","statementMap":{"0":{"start":{"line":7,"column":0},"end":{"line":7,"column":27}},"1":{"start":{"line":8,"column":0},"end":{"line":8,"column":73}},"2":{"start":{"line":9,"column":0},"end":{"line":9,"column":47}},"3":{"start":{"line":10,"column":16},"end":{"line":10,"column":34}},"4":{"start":{"line":11,"column":13},"end":{"line":11,"column":28}},"5":{"start":{"line":12,"column":15},"end":{"line":12,"column":34}},"6":{"start":{"line":13,"column":12},"end":{"line":13,"column":35}},"7":{"start":{"line":14,"column":14},"end":{"line":14,"column":39}},"8":{"start":{"line":15,"column":17},"end":{"line":15,"column":36}},"9":{"start":{"line":16,"column":23},"end":{"line":16,"column":66}},"10":{"start":{"line":17,"column":25},"end":{"line":17,"column":62}},"11":{"start":{"line":18,"column":23},"end":{"line":18,"column":59}},"12":{"start":{"line":19,"column":15},"end":{"line":19,"column":32}},"13":{"start":{"line":20,"column":35},"end":{"line":20,"column":63}},"14":{"start":{"line":21,"column":13},"end":{"line":21,"column":28}},"15":{"start":{"line":22,"column":11},"end":{"line":22,"column":24}},"16":{"start":{"line":23,"column":15},"end":{"line":23,"column":32}},"17":{"start":{"line":25,"column":12},"end":{"line":25,"column":21}},"18":{"start":{"line":28,"column":0},"end":{"line":33,"column":4}},"19":{"start":{"line":30,"column":49},"end":{"line":30,"column":57}},"20":{"start":{"line":34,"column":0},"end":{"line":34,"column":24}},"21":{"start":{"line":35,"column":0},"end":{"line":35,"column":31}},"22":{"start":{"line":38,"column":19},"end":{"line":38,"column":56}},"23":{"start":{"line":39,"column":0},"end":{"line":39,"column":78}},"24":{"start":{"line":39,"column":32},"end":{"line":39,"column":78}},"25":{"start":{"line":40,"column":0},"end":{"line":40,"column":48}},"26":{"start":{"line":43,"column":16},"end":{"line":53,"column":2}},"27":{"start":{"line":45,"column":16},"end":{"line":45,"column":49}},"28":{"start":{"line":46,"column":4},"end":{"line":46,"column":68}},"29":{"start":{"line":46,"column":29},"end":{"line":46,"column":68}},"30":{"start":{"line":47,"column":4},"end":{"line":47,"column":18}},"31":{"start":{"line":50,"column":16},"end":{"line":50,"column":71}},"32":{"start":{"line":51,"column":4},"end":{"line":51,"column":71}},"33":{"start":{"line":54,"column":15},"end":{"line":61,"column":2}},"34":{"start":{"line":58,"column":4},"end":{"line":59,"column":49}},"35":{"start":{"line":58,"column":44},"end":{"line":58,"column":59}},"36":{"start":{"line":59,"column":9},"end":{"line":59,"column":49}},"37":{"start":{"line":65,"column":17},"end":{"line":74,"column":1}},"38":{"start":{"line":77,"column":0},"end":{"line":79,"column":1}},"39":{"start":{"line":78,"column":2},"end":{"line":78,"column":46}},"40":{"start":{"line":81,"column":11},"end":{"line":81,"column":37}},"41":{"start":{"line":83,"column":0},"end":{"line":85,"column":58}},"42":{"start":{"line":84,"column":15},"end":{"line":84,"column":48}},"43":{"start":{"line":84,"column":49},"end":{"line":84,"column":61}},"44":{"start":{"line":85,"column":14},"end":{"line":85,"column":56}},"45":{"start":{"line":88,"column":19},"end":{"line":88,"column":60}},"46":{"start":{"line":89,"column":20},"end":{"line":89,"column":54}},"47":{"start":{"line":92,"column":2},"end":{"line":92,"column":92}},"48":{"start":{"line":96,"column":17},"end":{"line":96,"column":42}},"49":{"start":{"line":97,"column":2},"end":{"line":97,"column":107}},"50":{"start":{"line":97,"column":48},"end":{"line":97,"column":107}},"51":{"start":{"line":98,"column":2},"end":{"line":103,"column":3}},"52":{"start":{"line":99,"column":4},"end":{"line":99,"column":60}},"53":{"start":{"line":100,"column":4},"end":{"line":100,"column":11}},"54":{"start":{"line":102,"column":4},"end":{"line":102,"column":60}},"55":{"start":{"line":107,"column":2},"end":{"line":107,"column":93}},"56":{"start":{"line":107,"column":34},"end":{"line":107,"column":93}},"57":{"start":{"line":108,"column":2},"end":{"line":108,"column":9}},"58":{"start":{"line":112,"column":2},"end":{"line":112,"column":48}},"59":{"start":{"line":119,"column":21},"end":{"line":119,"column":47}},"60":{"start":{"line":120,"column":19},"end":{"line":123,"column":14}},"61":{"start":{"line":121,"column":17},"end":{"line":121,"column":82}},"62":{"start":{"line":122,"column":14},"end":{"line":122,"column":33}},"63":{"start":{"line":124,"column":15},"end":{"line":127,"column":18}},"64":{"start":{"line":128,"column":2},"end":{"line":128,"column":28}},"65":{"start":{"line":133,"column":17},"end":{"line":133,"column":29}},"66":{"start":{"line":134,"column":23},"end":{"line":134,"column":47}},"67":{"start":{"line":135,"column":2},"end":{"line":135,"column":34}},"68":{"start":{"line":136,"column":2},"end":{"line":136,"column":38}},"69":{"start":{"line":137,"column":19},"end":{"line":137,"column":48}},"70":{"start":{"line":138,"column":2},"end":{"line":138,"column":52}},"71":{"start":{"line":143,"column":14},"end":{"line":144,"column":48}},"72":{"start":{"line":145,"column":2},"end":{"line":145,"column":62}},"73":{"start":{"line":145,"column":43},"end":{"line":145,"column":62}},"74":{"start":{"line":146,"column":2},"end":{"line":146,"column":13}},"75":{"start":{"line":151,"column":14},"end":{"line":151,"column":52}},"76":{"start":{"line":152,"column":2},"end":{"line":152,"column":64}},"77":{"start":{"line":158,"column":17},"end":{"line":161,"column":3}},"78":{"start":{"line":162,"column":2},"end":{"line":162,"column":34}},"79":{"start":{"line":162,"column":19},"end":{"line":162,"column":34}},"80":{"start":{"line":165,"column":13},"end":{"line":165,"column":17}},"81":{"start":{"line":166,"column":2},"end":{"line":169,"column":3}},"82":{"start":{"line":167,"column":22},"end":{"line":167,"column":82}},"83":{"start":{"line":168,"column":4},"end":{"line":168,"column":42}},"84":{"start":{"line":168,"column":24},"end":{"line":168,"column":42}},"85":{"start":{"line":172,"column":2},"end":{"line":179,"column":3}},"86":{"start":{"line":173,"column":21},"end":{"line":176,"column":5}},"87":{"start":{"line":177,"column":22},"end":{"line":177,"column":89}},"88":{"start":{"line":178,"column":4},"end":{"line":178,"column":22}},"89":{"start":{"line":182,"column":2},"end":{"line":185,"column":4}},"90":{"start":{"line":187,"column":2},"end":{"line":187,"column":14}},"91":{"start":{"line":195,"column":0},"end":{"line":212,"column":1}},"92":{"start":{"line":196,"column":2},"end":{"line":211,"column":6}},"93":{"start":{"line":201,"column":4},"end":{"line":210,"column":32}},"94":{"start":{"line":202,"column":19},"end":{"line":208,"column":8}},"95":{"start":{"line":209,"column":6},"end":{"line":209,"column":23}},"96":{"start":{"line":210,"column":20},"end":{"line":210,"column":30}},"97":{"start":{"line":214,"column":0},"end":{"line":232,"column":1}},"98":{"start":{"line":215,"column":2},"end":{"line":231,"column":6}},"99":{"start":{"line":221,"column":4},"end":{"line":230,"column":32}},"100":{"start":{"line":222,"column":19},"end":{"line":228,"column":8}},"101":{"start":{"line":229,"column":6},"end":{"line":229,"column":23}},"102":{"start":{"line":230,"column":20},"end":{"line":230,"column":30}},"103":{"start":{"line":234,"column":0},"end":{"line":251,"column":1}},"104":{"start":{"line":235,"column":2},"end":{"line":250,"column":6}},"105":{"start":{"line":240,"column":4},"end":{"line":249,"column":32}},"106":{"start":{"line":241,"column":19},"end":{"line":247,"column":8}},"107":{"start":{"line":248,"column":6},"end":{"line":248,"column":23}},"108":{"start":{"line":249,"column":20},"end":{"line":249,"column":30}},"109":{"start":{"line":258,"column":0},"end":{"line":285,"column":2}},"110":{"start":{"line":265,"column":19},"end":{"line":265,"column":40}},"111":{"start":{"line":266,"column":4},"end":{"line":266,"column":83}},"112":{"start":{"line":266,"column":27},"end":{"line":266,"column":83}},"113":{"start":{"line":268,"column":38},"end":{"line":268,"column":46}},"114":{"start":{"line":269,"column":4},"end":{"line":283,"column":5}},"115":{"start":{"line":270,"column":22},"end":{"line":270,"column":83}},"116":{"start":{"line":271,"column":6},"end":{"line":271,"column":85}},"117":{"start":{"line":271,"column":24},"end":{"line":271,"column":85}},"118":{"start":{"line":273,"column":19},"end":{"line":273,"column":50}},"119":{"start":{"line":274,"column":23},"end":{"line":277,"column":7}},"120":{"start":{"line":278,"column":21},"end":{"line":278,"column":116}},"121":{"start":{"line":279,"column":19},"end":{"line":279,"column":26}},"122":{"start":{"line":280,"column":6},"end":{"line":280,"column":61}},"123":{"start":{"line":282,"column":6},"end":{"line":282,"column":74}},"124":{"start":{"line":288,"column":0},"end":{"line":314,"column":2}},"125":{"start":{"line":294,"column":19},"end":{"line":294,"column":40}},"126":{"start":{"line":295,"column":4},"end":{"line":295,"column":83}},"127":{"start":{"line":295,"column":27},"end":{"line":295,"column":83}},"128":{"start":{"line":297,"column":32},"end":{"line":297,"column":40}},"129":{"start":{"line":298,"column":4},"end":{"line":312,"column":5}},"130":{"start":{"line":299,"column":21},"end":{"line":299,"column":97}},"131":{"start":{"line":300,"column":6},"end":{"line":300,"column":99}},"132":{"start":{"line":300,"column":24},"end":{"line":300,"column":99}},"133":{"start":{"line":302,"column":19},"end":{"line":302,"column":26}},"134":{"start":{"line":303,"column":6},"end":{"line":303,"column":110}},"135":{"start":{"line":303,"column":26},"end":{"line":303,"column":110}},"136":{"start":{"line":305,"column":17},"end":{"line":305,"column":62}},"137":{"start":{"line":306,"column":6},"end":{"line":306,"column":90}},"138":{"start":{"line":306,"column":15},"end":{"line":306,"column":90}},"139":{"start":{"line":308,"column":43},"end":{"line":308,"column":47}},"140":{"start":{"line":309,"column":6},"end":{"line":309,"column":63}},"141":{"start":{"line":311,"column":6},"end":{"line":311,"column":74}},"142":{"start":{"line":317,"column":0},"end":{"line":324,"column":3}},"143":{"start":{"line":318,"column":17},"end":{"line":321,"column":3}},"144":{"start":{"line":322,"column":2},"end":{"line":322,"column":84}},"145":{"start":{"line":322,"column":20},"end":{"line":322,"column":84}},"146":{"start":{"line":323,"column":2},"end":{"line":323,"column":20}},"147":{"start":{"line":327,"column":22},"end":{"line":330,"column":1}},"148":{"start":{"line":327,"column":36},"end":{"line":330,"column":1}},"149":{"start":{"line":328,"column":16},"end":{"line":328,"column":35}},"150":{"start":{"line":329,"column":2},"end":{"line":329,"column":74}},"151":{"start":{"line":332,"column":0},"end":{"line":332,"column":110}},"152":{"start":{"line":333,"column":0},"end":{"line":336,"column":2}},"153":{"start":{"line":338,"column":0},"end":{"line":338,"column":103}},"154":{"start":{"line":339,"column":0},"end":{"line":342,"column":2}},"155":{"start":{"line":344,"column":0},"end":{"line":344,"column":104}},"156":{"start":{"line":345,"column":0},"end":{"line":348,"column":2}},"157":{"start":{"line":355,"column":0},"end":{"line":382,"column":3}},"158":{"start":{"line":356,"column":2},"end":{"line":381,"column":3}},"159":{"start":{"line":357,"column":55},"end":{"line":357,"column":64}},"160":{"start":{"line":358,"column":19},"end":{"line":358,"column":37}},"161":{"start":{"line":359,"column":16},"end":{"line":359,"column":35}},"162":{"start":{"line":360,"column":19},"end":{"line":360,"column":21}},"163":{"start":{"line":362,"column":4},"end":{"line":362,"column":70}},"164":{"start":{"line":362,"column":20},"end":{"line":362,"column":45}},"165":{"start":{"line":362,"column":46},"end":{"line":362,"column":68}},"166":{"start":{"line":363,"column":4},"end":{"line":363,"column":76}},"167":{"start":{"line":363,"column":18},"end":{"line":363,"column":46}},"168":{"start":{"line":363,"column":47},"end":{"line":363,"column":74}},"169":{"start":{"line":365,"column":21},"end":{"line":365,"column":71}},"170":{"start":{"line":367,"column":23},"end":{"line":371,"column":36}},"171":{"start":{"line":373,"column":26},"end":{"line":376,"column":14}},"172":{"start":{"line":378,"column":4},"end":{"line":378,"column":80}},"173":{"start":{"line":380,"column":4},"end":{"line":380,"column":72}},"174":{"start":{"line":385,"column":0},"end":{"line":403,"column":3}},"175":{"start":{"line":386,"column":2},"end":{"line":402,"column":3}},"176":{"start":{"line":387,"column":19},"end":{"line":397,"column":23}},"177":{"start":{"line":398,"column":4},"end":{"line":398,"column":90}},"178":{"start":{"line":398,"column":22},"end":{"line":398,"column":90}},"179":{"start":{"line":399,"column":4},"end":{"line":399,"column":22}},"180":{"start":{"line":401,"column":4},"end":{"line":401,"column":72}},"181":{"start":{"line":406,"column":0},"end":{"line":432,"column":3}},"182":{"start":{"line":407,"column":2},"end":{"line":431,"column":3}},"183":{"start":{"line":408,"column":19},"end":{"line":418,"column":25}},"184":{"start":{"line":420,"column":4},"end":{"line":420,"column":90}},"185":{"start":{"line":420,"column":22},"end":{"line":420,"column":90}},"186":{"start":{"line":422,"column":22},"end":{"line":426,"column":20}},"187":{"start":{"line":428,"column":4},"end":{"line":428,"column":38}},"188":{"start":{"line":430,"column":4},"end":{"line":430,"column":72}},"189":{"start":{"line":435,"column":0},"end":{"line":455,"column":2}},"190":{"start":{"line":438,"column":19},"end":{"line":438,"column":40}},"191":{"start":{"line":439,"column":4},"end":{"line":439,"column":83}},"192":{"start":{"line":439,"column":27},"end":{"line":439,"column":83}},"193":{"start":{"line":441,"column":91},"end":{"line":441,"column":99}},"194":{"start":{"line":442,"column":17},"end":{"line":442,"column":155}},"195":{"start":{"line":444,"column":4},"end":{"line":453,"column":5}},"196":{"start":{"line":445,"column":23},"end":{"line":448,"column":7}},"197":{"start":{"line":449,"column":21},"end":{"line":449,"column":91}},"198":{"start":{"line":450,"column":6},"end":{"line":450,"column":36}},"199":{"start":{"line":452,"column":6},"end":{"line":452,"column":74}},"200":{"start":{"line":458,"column":0},"end":{"line":470,"column":3}},"201":{"start":{"line":459,"column":100},"end":{"line":459,"column":108}},"202":{"start":{"line":460,"column":2},"end":{"line":469,"column":3}},"203":{"start":{"line":461,"column":4},"end":{"line":464,"column":6}},"204":{"start":{"line":465,"column":19},"end":{"line":465,"column":87}},"205":{"start":{"line":466,"column":4},"end":{"line":466,"column":22}},"206":{"start":{"line":468,"column":4},"end":{"line":468,"column":72}},"207":{"start":{"line":473,"column":0},"end":{"line":476,"column":3}},"208":{"start":{"line":474,"column":2},"end":{"line":474,"column":80}},"209":{"start":{"line":475,"column":2},"end":{"line":475,"column":43}},"210":{"start":{"line":482,"column":0},"end":{"line":485,"column":3}},"211":{"start":{"line":483,"column":17},"end":{"line":483,"column":73}},"212":{"start":{"line":484,"column":2},"end":{"line":484,"column":17}},"213":{"start":{"line":488,"column":0},"end":{"line":502,"column":3}},"214":{"start":{"line":489,"column":38},"end":{"line":489,"column":46}},"215":{"start":{"line":490,"column":2},"end":{"line":490,"column":86}},"216":{"start":{"line":490,"column":22},"end":{"line":490,"column":86}},"217":{"start":{"line":491,"column":2},"end":{"line":501,"column":3}},"218":{"start":{"line":492,"column":21},"end":{"line":495,"column":5}},"219":{"start":{"line":496,"column":20},"end":{"line":496,"column":92}},"220":{"start":{"line":497,"column":4},"end":{"line":497,"column":30}},"221":{"start":{"line":499,"column":4},"end":{"line":499,"column":95}},"222":{"start":{"line":499,"column":35},"end":{"line":499,"column":95}},"223":{"start":{"line":500,"column":4},"end":{"line":500,"column":49}},"224":{"start":{"line":505,"column":0},"end":{"line":519,"column":3}},"225":{"start":{"line":506,"column":38},"end":{"line":506,"column":46}},"226":{"start":{"line":507,"column":2},"end":{"line":518,"column":3}},"227":{"start":{"line":508,"column":4},"end":{"line":511,"column":6}},"228":{"start":{"line":512,"column":20},"end":{"line":512,"column":90}},"229":{"start":{"line":513,"column":4},"end":{"line":513,"column":73}},"230":{"start":{"line":513,"column":14},"end":{"line":513,"column":73}},"231":{"start":{"line":514,"column":4},"end":{"line":514,"column":18}},"232":{"start":{"line":516,"column":4},"end":{"line":516,"column":95}},"233":{"start":{"line":516,"column":35},"end":{"line":516,"column":95}},"234":{"start":{"line":517,"column":4},"end":{"line":517,"column":49}},"235":{"start":{"line":522,"column":0},"end":{"line":529,"column":3}},"236":{"start":{"line":523,"column":2},"end":{"line":528,"column":63}},"237":{"start":{"line":524,"column":24},"end":{"line":524,"column":131}},"238":{"start":{"line":525,"column":4},"end":{"line":525,"column":104}},"239":{"start":{"line":525,"column":17},"end":{"line":525,"column":104}},"240":{"start":{"line":526,"column":4},"end":{"line":526,"column":73}},"241":{"start":{"line":527,"column":4},"end":{"line":527,"column":36}},"242":{"start":{"line":528,"column":16},"end":{"line":528,"column":61}},"243":{"start":{"line":536,"column":0},"end":{"line":595,"column":3}},"244":{"start":{"line":537,"column":82},"end":{"line":537,"column":90}},"245":{"start":{"line":538,"column":2},"end":{"line":538,"column":90}},"246":{"start":{"line":538,"column":31},"end":{"line":538,"column":90}},"247":{"start":{"line":540,"column":15},"end":{"line":540,"column":39}},"248":{"start":{"line":541,"column":2},"end":{"line":541,"column":32}},"249":{"start":{"line":542,"column":2},"end":{"line":594,"column":3}},"250":{"start":{"line":544,"column":4},"end":{"line":548,"column":5}},"251":{"start":{"line":545,"column":23},"end":{"line":545,"column":121}},"252":{"start":{"line":546,"column":6},"end":{"line":546,"column":81}},"253":{"start":{"line":546,"column":17},"end":{"line":546,"column":81}},"254":{"start":{"line":547,"column":6},"end":{"line":547,"column":106}},"255":{"start":{"line":547,"column":38},"end":{"line":547,"column":106}},"256":{"start":{"line":551,"column":19},"end":{"line":551,"column":20}},"257":{"start":{"line":552,"column":23},"end":{"line":552,"column":25}},"258":{"start":{"line":553,"column":4},"end":{"line":558,"column":5}},"259":{"start":{"line":554,"column":23},"end":{"line":554,"column":109}},"260":{"start":{"line":555,"column":24},"end":{"line":555,"column":50}},"261":{"start":{"line":556,"column":6},"end":{"line":556,"column":28}},"262":{"start":{"line":557,"column":6},"end":{"line":557,"column":129}},"263":{"start":{"line":560,"column":18},"end":{"line":560,"column":26}},"264":{"start":{"line":561,"column":23},"end":{"line":561,"column":37}},"265":{"start":{"line":564,"column":26},"end":{"line":567,"column":5}},"266":{"start":{"line":568,"column":20},"end":{"line":568,"column":40}},"267":{"start":{"line":571,"column":4},"end":{"line":577,"column":5}},"268":{"start":{"line":572,"column":6},"end":{"line":575,"column":8}},"269":{"start":{"line":576,"column":6},"end":{"line":576,"column":127}},"270":{"start":{"line":579,"column":4},"end":{"line":584,"column":5}},"271":{"start":{"line":580,"column":6},"end":{"line":583,"column":8}},"272":{"start":{"line":586,"column":4},"end":{"line":586,"column":24}},"273":{"start":{"line":587,"column":22},"end":{"line":587,"column":84}},"274":{"start":{"line":588,"column":4},"end":{"line":588,"column":55}},"275":{"start":{"line":590,"column":4},"end":{"line":590,"column":26}},"276":{"start":{"line":591,"column":4},"end":{"line":591,"column":51}},"277":{"start":{"line":593,"column":4},"end":{"line":593,"column":19}},"278":{"start":{"line":598,"column":0},"end":{"line":618,"column":3}},"279":{"start":{"line":599,"column":2},"end":{"line":617,"column":3}},"280":{"start":{"line":600,"column":45},"end":{"line":600,"column":54}},"281":{"start":{"line":601,"column":19},"end":{"line":601,"column":37}},"282":{"start":{"line":602,"column":16},"end":{"line":602,"column":66}},"283":{"start":{"line":603,"column":19},"end":{"line":603,"column":65}},"284":{"start":{"line":605,"column":4},"end":{"line":605,"column":68}},"285":{"start":{"line":605,"column":18},"end":{"line":605,"column":45}},"286":{"start":{"line":605,"column":46},"end":{"line":605,"column":66}},"287":{"start":{"line":606,"column":21},"end":{"line":606,"column":71}},"288":{"start":{"line":608,"column":21},"end":{"line":612,"column":36}},"289":{"start":{"line":614,"column":4},"end":{"line":614,"column":21}},"290":{"start":{"line":616,"column":4},"end":{"line":616,"column":72}},"291":{"start":{"line":621,"column":0},"end":{"line":632,"column":3}},"292":{"start":{"line":622,"column":2},"end":{"line":631,"column":3}},"293":{"start":{"line":623,"column":22},"end":{"line":623,"column":151}},"294":{"start":{"line":624,"column":4},"end":{"line":624,"column":84}},"295":{"start":{"line":624,"column":16},"end":{"line":624,"column":84}},"296":{"start":{"line":625,"column":4},"end":{"line":625,"column":127}},"297":{"start":{"line":625,"column":68},"end":{"line":625,"column":127}},"298":{"start":{"line":627,"column":20},"end":{"line":627,"column":97}},"299":{"start":{"line":628,"column":4},"end":{"line":628,"column":34}},"300":{"start":{"line":630,"column":4},"end":{"line":630,"column":72}},"301":{"start":{"line":635,"column":0},"end":{"line":642,"column":3}},"302":{"start":{"line":636,"column":21},"end":{"line":636,"column":29}},"303":{"start":{"line":637,"column":24},"end":{"line":637,"column":86}},"304":{"start":{"line":638,"column":2},"end":{"line":638,"column":107}},"305":{"start":{"line":638,"column":39},"end":{"line":638,"column":107}},"306":{"start":{"line":640,"column":2},"end":{"line":640,"column":101}},"307":{"start":{"line":641,"column":2},"end":{"line":641,"column":55}},"308":{"start":{"line":647,"column":56},"end":{"line":647,"column":72}},"309":{"start":{"line":649,"column":14},"end":{"line":657,"column":2}},"310":{"start":{"line":660,"column":0},"end":{"line":700,"column":3}},"311":{"start":{"line":661,"column":2},"end":{"line":699,"column":3}},"312":{"start":{"line":662,"column":25},"end":{"line":662,"column":33}},"313":{"start":{"line":663,"column":4},"end":{"line":663,"column":78}},"314":{"start":{"line":663,"column":19},"end":{"line":663,"column":78}},"315":{"start":{"line":665,"column":22},"end":{"line":668,"column":5}},"316":{"start":{"line":669,"column":4},"end":{"line":669,"column":84}},"317":{"start":{"line":669,"column":16},"end":{"line":669,"column":84}},"318":{"start":{"line":670,"column":4},"end":{"line":670,"column":113}},"319":{"start":{"line":670,"column":41},"end":{"line":670,"column":113}},"320":{"start":{"line":672,"column":19},"end":{"line":672,"column":54}},"321":{"start":{"line":673,"column":19},"end":{"line":673,"column":35}},"322":{"start":{"line":674,"column":19},"end":{"line":674,"column":42}},"323":{"start":{"line":676,"column":19},"end":{"line":684,"column":6}},"324":{"start":{"line":686,"column":4},"end":{"line":691,"column":6}},"325":{"start":{"line":693,"column":4},"end":{"line":693,"column":105}},"326":{"start":{"line":694,"column":4},"end":{"line":694,"column":25}},"327":{"start":{"line":697,"column":4},"end":{"line":697,"column":48}},"328":{"start":{"line":698,"column":4},"end":{"line":698,"column":80}},"329":{"start":{"line":703,"column":0},"end":{"line":750,"column":3}},"330":{"start":{"line":704,"column":20},"end":{"line":704,"column":69}},"331":{"start":{"line":705,"column":2},"end":{"line":749,"column":3}},"332":{"start":{"line":706,"column":19},"end":{"line":706,"column":51}},"333":{"start":{"line":707,"column":19},"end":{"line":707,"column":39}},"334":{"start":{"line":708,"column":21},"end":{"line":708,"column":47}},"335":{"start":{"line":710,"column":4},"end":{"line":713,"column":5}},"336":{"start":{"line":711,"column":6},"end":{"line":711,"column":58}},"337":{"start":{"line":712,"column":6},"end":{"line":712,"column":81}},"338":{"start":{"line":715,"column":19},"end":{"line":715,"column":35}},"339":{"start":{"line":716,"column":19},"end":{"line":716,"column":48}},"340":{"start":{"line":718,"column":4},"end":{"line":724,"column":6}},"341":{"start":{"line":726,"column":20},"end":{"line":730,"column":5}},"342":{"start":{"line":732,"column":4},"end":{"line":732,"column":81}},"343":{"start":{"line":732,"column":14},"end":{"line":732,"column":81}},"344":{"start":{"line":734,"column":4},"end":{"line":742,"column":5}},"345":{"start":{"line":735,"column":6},"end":{"line":739,"column":8}},"346":{"start":{"line":740,"column":6},"end":{"line":740,"column":84}},"347":{"start":{"line":741,"column":6},"end":{"line":741,"column":97}},"348":{"start":{"line":744,"column":4},"end":{"line":744,"column":81}},"349":{"start":{"line":745,"column":4},"end":{"line":745,"column":109}},"350":{"start":{"line":747,"column":4},"end":{"line":747,"column":48}},"351":{"start":{"line":748,"column":4},"end":{"line":748,"column":87}},"352":{"start":{"line":753,"column":0},"end":{"line":801,"column":3}},"353":{"start":{"line":754,"column":2},"end":{"line":800,"column":3}},"354":{"start":{"line":755,"column":19},"end":{"line":755,"column":49}},"355":{"start":{"line":756,"column":19},"end":{"line":756,"column":39}},"356":{"start":{"line":757,"column":21},"end":{"line":757,"column":47}},"357":{"start":{"line":759,"column":4},"end":{"line":762,"column":5}},"358":{"start":{"line":760,"column":6},"end":{"line":760,"column":55}},"359":{"start":{"line":761,"column":6},"end":{"line":761,"column":71}},"360":{"start":{"line":764,"column":20},"end":{"line":766,"column":5}},"361":{"start":{"line":768,"column":4},"end":{"line":768,"column":77}},"362":{"start":{"line":768,"column":14},"end":{"line":768,"column":77}},"363":{"start":{"line":769,"column":4},"end":{"line":769,"column":99}},"364":{"start":{"line":769,"column":34},"end":{"line":769,"column":99}},"365":{"start":{"line":771,"column":4},"end":{"line":774,"column":5}},"366":{"start":{"line":772,"column":6},"end":{"line":772,"column":53}},"367":{"start":{"line":773,"column":6},"end":{"line":773,"column":68}},"368":{"start":{"line":776,"column":19},"end":{"line":776,"column":35}},"369":{"start":{"line":777,"column":19},"end":{"line":777,"column":48}},"370":{"start":{"line":779,"column":4},"end":{"line":784,"column":6}},"371":{"start":{"line":786,"column":4},"end":{"line":793,"column":5}},"372":{"start":{"line":787,"column":6},"end":{"line":791,"column":8}},"373":{"start":{"line":792,"column":6},"end":{"line":792,"column":64}},"374":{"start":{"line":795,"column":4},"end":{"line":795,"column":67}},"375":{"start":{"line":798,"column":4},"end":{"line":798,"column":45}},"376":{"start":{"line":799,"column":4},"end":{"line":799,"column":65}},"377":{"start":{"line":809,"column":0},"end":{"line":826,"column":3}},"378":{"start":{"line":810,"column":25},"end":{"line":810,"column":34}},"379":{"start":{"line":811,"column":2},"end":{"line":811,"column":80}},"380":{"start":{"line":811,"column":19},"end":{"line":811,"column":80}},"381":{"start":{"line":812,"column":2},"end":{"line":825,"column":3}},"382":{"start":{"line":813,"column":22},"end":{"line":821,"column":20}},"383":{"start":{"line":822,"column":4},"end":{"line":822,"column":22}},"384":{"start":{"line":824,"column":4},"end":{"line":824,"column":72}},"385":{"start":{"line":829,"column":0},"end":{"line":850,"column":2}},"386":{"start":{"line":832,"column":19},"end":{"line":832,"column":40}},"387":{"start":{"line":833,"column":4},"end":{"line":833,"column":83}},"388":{"start":{"line":833,"column":27},"end":{"line":833,"column":83}},"389":{"start":{"line":835,"column":51},"end":{"line":835,"column":59}},"390":{"start":{"line":836,"column":4},"end":{"line":848,"column":5}},"391":{"start":{"line":837,"column":6},"end":{"line":840,"column":8}},"392":{"start":{"line":841,"column":22},"end":{"line":844,"column":7}},"393":{"start":{"line":845,"column":6},"end":{"line":845,"column":32}},"394":{"start":{"line":847,"column":6},"end":{"line":847,"column":74}},"395":{"start":{"line":856,"column":0},"end":{"line":876,"column":3}},"396":{"start":{"line":857,"column":2},"end":{"line":875,"column":3}},"397":{"start":{"line":858,"column":24},"end":{"line":858,"column":143}},"398":{"start":{"line":859,"column":23},"end":{"line":859,"column":77}},"399":{"start":{"line":860,"column":25},"end":{"line":860,"column":99}},"400":{"start":{"line":861,"column":22},"end":{"line":861,"column":93}},"401":{"start":{"line":862,"column":23},"end":{"line":862,"column":101}},"402":{"start":{"line":863,"column":26},"end":{"line":863,"column":127}},"403":{"start":{"line":865,"column":4},"end":{"line":872,"column":7}},"404":{"start":{"line":874,"column":4},"end":{"line":874,"column":72}},"405":{"start":{"line":879,"column":0},"end":{"line":882,"column":3}},"406":{"start":{"line":880,"column":18},"end":{"line":880,"column":138}},"407":{"start":{"line":881,"column":2},"end":{"line":881,"column":18}},"408":{"start":{"line":885,"column":0},"end":{"line":889,"column":3}},"409":{"start":{"line":886,"column":24},"end":{"line":886,"column":32}},"410":{"start":{"line":887,"column":2},"end":{"line":887,"column":88}},"411":{"start":{"line":888,"column":2},"end":{"line":888,"column":47}},"412":{"start":{"line":896,"column":0},"end":{"line":908,"column":3}},"413":{"start":{"line":897,"column":2},"end":{"line":907,"column":63}},"414":{"start":{"line":898,"column":19},"end":{"line":905,"column":6}},"415":{"start":{"line":906,"column":4},"end":{"line":906,"column":19}},"416":{"start":{"line":907,"column":16},"end":{"line":907,"column":61}},"417":{"start":{"line":911,"column":0},"end":{"line":914,"column":3}},"418":{"start":{"line":912,"column":2},"end":{"line":912,"column":68}},"419":{"start":{"line":913,"column":2},"end":{"line":913,"column":34}},"420":{"start":{"line":921,"column":0},"end":{"line":924,"column":3}},"421":{"start":{"line":922,"column":17},"end":{"line":922,"column":82}},"422":{"start":{"line":923,"column":2},"end":{"line":923,"column":17}},"423":{"start":{"line":927,"column":0},"end":{"line":941,"column":3}},"424":{"start":{"line":928,"column":98},"end":{"line":928,"column":106}},"425":{"start":{"line":929,"column":2},"end":{"line":929,"column":89}},"426":{"start":{"line":929,"column":23},"end":{"line":929,"column":89}},"427":{"start":{"line":930,"column":2},"end":{"line":940,"column":3}},"428":{"start":{"line":931,"column":21},"end":{"line":934,"column":5}},"429":{"start":{"line":935,"column":20},"end":{"line":935,"column":90}},"430":{"start":{"line":936,"column":4},"end":{"line":936,"column":30}},"431":{"start":{"line":938,"column":4},"end":{"line":938,"column":101}},"432":{"start":{"line":938,"column":35},"end":{"line":938,"column":101}},"433":{"start":{"line":939,"column":4},"end":{"line":939,"column":49}},"434":{"start":{"line":944,"column":0},"end":{"line":954,"column":3}},"435":{"start":{"line":945,"column":76},"end":{"line":945,"column":84}},"436":{"start":{"line":946,"column":2},"end":{"line":953,"column":63}},"437":{"start":{"line":947,"column":4},"end":{"line":950,"column":6}},"438":{"start":{"line":951,"column":20},"end":{"line":951,"column":88}},"439":{"start":{"line":952,"column":4},"end":{"line":952,"column":18}},"440":{"start":{"line":953,"column":16},"end":{"line":953,"column":61}},"441":{"start":{"line":957,"column":0},"end":{"line":960,"column":3}},"442":{"start":{"line":958,"column":2},"end":{"line":958,"column":69}},"443":{"start":{"line":959,"column":2},"end":{"line":959,"column":34}},"444":{"start":{"line":963,"column":0},"end":{"line":975,"column":3}},"445":{"start":{"line":964,"column":2},"end":{"line":974,"column":63}},"446":{"start":{"line":965,"column":19},"end":{"line":972,"column":6}},"447":{"start":{"line":973,"column":4},"end":{"line":973,"column":19}},"448":{"start":{"line":974,"column":16},"end":{"line":974,"column":61}},"449":{"start":{"line":978,"column":0},"end":{"line":994,"column":3}},"450":{"start":{"line":979,"column":32},"end":{"line":979,"column":40}},"451":{"start":{"line":980,"column":2},"end":{"line":980,"column":74}},"452":{"start":{"line":980,"column":13},"end":{"line":980,"column":74}},"453":{"start":{"line":981,"column":2},"end":{"line":993,"column":63}},"454":{"start":{"line":982,"column":18},"end":{"line":985,"column":5}},"455":{"start":{"line":986,"column":4},"end":{"line":986,"column":88}},"456":{"start":{"line":986,"column":12},"end":{"line":986,"column":88}},"457":{"start":{"line":987,"column":4},"end":{"line":988,"column":97}},"458":{"start":{"line":988,"column":6},"end":{"line":988,"column":97}},"459":{"start":{"line":989,"column":21},"end":{"line":991,"column":38}},"460":{"start":{"line":992,"column":4},"end":{"line":992,"column":52}},"461":{"start":{"line":993,"column":16},"end":{"line":993,"column":61}},"462":{"start":{"line":1001,"column":0},"end":{"line":1004,"column":3}},"463":{"start":{"line":1002,"column":17},"end":{"line":1002,"column":82}},"464":{"start":{"line":1003,"column":2},"end":{"line":1003,"column":17}},"465":{"start":{"line":1007,"column":0},"end":{"line":1017,"column":3}},"466":{"start":{"line":1008,"column":51},"end":{"line":1008,"column":59}},"467":{"start":{"line":1009,"column":2},"end":{"line":1009,"column":95}},"468":{"start":{"line":1009,"column":35},"end":{"line":1009,"column":95}},"469":{"start":{"line":1010,"column":2},"end":{"line":1016,"column":63}},"470":{"start":{"line":1011,"column":16},"end":{"line":1014,"column":5}},"471":{"start":{"line":1015,"column":4},"end":{"line":1015,"column":76}},"472":{"start":{"line":1016,"column":16},"end":{"line":1016,"column":61}},"473":{"start":{"line":1020,"column":0},"end":{"line":1024,"column":3}},"474":{"start":{"line":1021,"column":20},"end":{"line":1021,"column":28}},"475":{"start":{"line":1022,"column":2},"end":{"line":1022,"column":101}},"476":{"start":{"line":1023,"column":2},"end":{"line":1023,"column":43}},"477":{"start":{"line":1027,"column":0},"end":{"line":1030,"column":3}},"478":{"start":{"line":1028,"column":2},"end":{"line":1028,"column":78}},"479":{"start":{"line":1029,"column":2},"end":{"line":1029,"column":30}},"480":{"start":{"line":1033,"column":0},"end":{"line":1036,"column":3}},"481":{"start":{"line":1034,"column":2},"end":{"line":1034,"column":69}},"482":{"start":{"line":1035,"column":2},"end":{"line":1035,"column":34}},"483":{"start":{"line":1043,"column":0},"end":{"line":1050,"column":3}},"484":{"start":{"line":1044,"column":2},"end":{"line":1049,"column":63}},"485":{"start":{"line":1045,"column":19},"end":{"line":1045,"column":72}},"486":{"start":{"line":1046,"column":16},"end":{"line":1046,"column":18}},"487":{"start":{"line":1047,"column":4},"end":{"line":1047,"column":49}},"488":{"start":{"line":1047,"column":24},"end":{"line":1047,"column":45}},"489":{"start":{"line":1048,"column":4},"end":{"line":1048,"column":18}},"490":{"start":{"line":1049,"column":16},"end":{"line":1049,"column":61}},"491":{"start":{"line":1053,"column":0},"end":{"line":1064,"column":3}},"492":{"start":{"line":1054,"column":2},"end":{"line":1063,"column":63}},"493":{"start":{"line":1055,"column":20},"end":{"line":1055,"column":44}},"494":{"start":{"line":1056,"column":4},"end":{"line":1061,"column":5}},"495":{"start":{"line":1057,"column":6},"end":{"line":1060,"column":8}},"496":{"start":{"line":1062,"column":4},"end":{"line":1062,"column":44}},"497":{"start":{"line":1063,"column":16},"end":{"line":1063,"column":61}},"498":{"start":{"line":1070,"column":13},"end":{"line":1070,"column":32}},"499":{"start":{"line":1072,"column":0},"end":{"line":1098,"column":3}},"500":{"start":{"line":1073,"column":2},"end":{"line":1097,"column":3}},"501":{"start":{"line":1074,"column":25},"end":{"line":1074,"column":33}},"502":{"start":{"line":1075,"column":4},"end":{"line":1075,"column":98}},"503":{"start":{"line":1075,"column":39},"end":{"line":1075,"column":98}},"504":{"start":{"line":1077,"column":25},"end":{"line":1077,"column":49}},"505":{"start":{"line":1078,"column":4},"end":{"line":1078,"column":94}},"506":{"start":{"line":1078,"column":23},"end":{"line":1078,"column":94}},"507":{"start":{"line":1080,"column":17},"end":{"line":1080,"column":51}},"508":{"start":{"line":1082,"column":23},"end":{"line":1088,"column":6}},"509":{"start":{"line":1090,"column":17},"end":{"line":1090,"column":62}},"510":{"start":{"line":1091,"column":4},"end":{"line":1091,"column":23}},"511":{"start":{"line":1094,"column":4},"end":{"line":1094,"column":44}},"512":{"start":{"line":1095,"column":19},"end":{"line":1095,"column":36}},"513":{"start":{"line":1096,"column":4},"end":{"line":1096,"column":70}},"514":{"start":{"line":1100,"column":0},"end":{"line":1100,"column":83}},"515":{"start":{"line":1100,"column":37},"end":{"line":1100,"column":81}},"516":{"start":{"line":1105,"column":13},"end":{"line":1105,"column":37}},"517":{"start":{"line":1108,"column":0},"end":{"line":1110,"column":1}},"518":{"start":{"line":1109,"column":2},"end":{"line":1109,"column":87}},"519":{"start":{"line":1109,"column":25},"end":{"line":1109,"column":85}},"520":{"start":{"line":1112,"column":0},"end":{"line":1112,"column":21}}},"fnMap":{"0":{"name":"(anonymous_0)","decl":{"start":{"line":30,"column":44},"end":{"line":30,"column":45}},"loc":{"start":{"line":30,"column":49},"end":{"line":30,"column":57}},"line":30},"1":{"name":"(anonymous_1)","decl":{"start":{"line":44,"column":15},"end":{"line":44,"column":16}},"loc":{"start":{"line":44,"column":34},"end":{"line":48,"column":3}},"line":44},"2":{"name":"(anonymous_2)","decl":{"start":{"line":49,"column":12},"end":{"line":49,"column":13}},"loc":{"start":{"line":49,"column":31},"end":{"line":52,"column":3}},"line":49},"3":{"name":"(anonymous_3)","decl":{"start":{"line":57,"column":14},"end":{"line":57,"column":15}},"loc":{"start":{"line":57,"column":33},"end":{"line":60,"column":3}},"line":57},"4":{"name":"(anonymous_4)","decl":{"start":{"line":84,"column":8},"end":{"line":84,"column":9}},"loc":{"start":{"line":84,"column":13},"end":{"line":84,"column":63}},"line":84},"5":{"name":"(anonymous_5)","decl":{"start":{"line":85,"column":9},"end":{"line":85,"column":10}},"loc":{"start":{"line":85,"column":14},"end":{"line":85,"column":56}},"line":85},"6":{"name":"signToken","decl":{"start":{"line":91,"column":9},"end":{"line":91,"column":18}},"loc":{"start":{"line":91,"column":25},"end":{"line":93,"column":1}},"line":91},"7":{"name":"authMiddleware","decl":{"start":{"line":95,"column":9},"end":{"line":95,"column":23}},"loc":{"start":{"line":95,"column":40},"end":{"line":104,"column":1}},"line":95},"8":{"name":"adminOnly","decl":{"start":{"line":106,"column":9},"end":{"line":106,"column":18}},"loc":{"start":{"line":106,"column":35},"end":{"line":109,"column":1}},"line":106},"9":{"name":"genOrderCode","decl":{"start":{"line":111,"column":9},"end":{"line":111,"column":21}},"loc":{"start":{"line":111,"column":24},"end":{"line":113,"column":1}},"line":111},"10":{"name":"vnpaySign","decl":{"start":{"line":118,"column":9},"end":{"line":118,"column":18}},"loc":{"start":{"line":118,"column":39},"end":{"line":129,"column":1}},"line":118},"11":{"name":"(anonymous_11)","decl":{"start":{"line":121,"column":12},"end":{"line":121,"column":13}},"loc":{"start":{"line":121,"column":17},"end":{"line":121,"column":82}},"line":121},"12":{"name":"(anonymous_12)","decl":{"start":{"line":122,"column":9},"end":{"line":122,"column":10}},"loc":{"start":{"line":122,"column":14},"end":{"line":122,"column":33}},"line":122},"13":{"name":"vnpayVerify","decl":{"start":{"line":132,"column":9},"end":{"line":132,"column":20}},"loc":{"start":{"line":132,"column":40},"end":{"line":139,"column":1}},"line":132},"14":{"name":"getClientIp","decl":{"start":{"line":142,"column":9},"end":{"line":142,"column":20}},"loc":{"start":{"line":142,"column":26},"end":{"line":147,"column":1}},"line":142},"15":{"name":"getVnpayCreateDate","decl":{"start":{"line":150,"column":9},"end":{"line":150,"column":27}},"loc":{"start":{"line":150,"column":30},"end":{"line":153,"column":1}},"line":150},"16":{"name":"findOrCreateOAuthUser","decl":{"start":{"line":156,"column":15},"end":{"line":156,"column":36}},"loc":{"start":{"line":156,"column":84},"end":{"line":188,"column":1}},"line":156},"17":{"name":"(anonymous_17)","decl":{"start":{"line":200,"column":5},"end":{"line":200,"column":6}},"loc":{"start":{"line":200,"column":57},"end":{"line":211,"column":3}},"line":200},"18":{"name":"(anonymous_18)","decl":{"start":{"line":220,"column":5},"end":{"line":220,"column":6}},"loc":{"start":{"line":220,"column":57},"end":{"line":231,"column":3}},"line":220},"19":{"name":"(anonymous_19)","decl":{"start":{"line":239,"column":5},"end":{"line":239,"column":6}},"loc":{"start":{"line":239,"column":57},"end":{"line":250,"column":3}},"line":239},"20":{"name":"(anonymous_20)","decl":{"start":{"line":264,"column":2},"end":{"line":264,"column":3}},"loc":{"start":{"line":264,"column":22},"end":{"line":284,"column":3}},"line":264},"21":{"name":"(anonymous_21)","decl":{"start":{"line":293,"column":2},"end":{"line":293,"column":3}},"loc":{"start":{"line":293,"column":22},"end":{"line":313,"column":3}},"line":293},"22":{"name":"(anonymous_22)","decl":{"start":{"line":317,"column":40},"end":{"line":317,"column":41}},"loc":{"start":{"line":317,"column":60},"end":{"line":324,"column":1}},"line":317},"23":{"name":"(anonymous_23)","decl":{"start":{"line":327,"column":22},"end":{"line":327,"column":23}},"loc":{"start":{"line":327,"column":36},"end":{"line":330,"column":1}},"line":327},"24":{"name":"(anonymous_24)","decl":{"start":{"line":327,"column":36},"end":{"line":327,"column":37}},"loc":{"start":{"line":327,"column":50},"end":{"line":330,"column":1}},"line":327},"25":{"name":"(anonymous_25)","decl":{"start":{"line":355,"column":25},"end":{"line":355,"column":26}},"loc":{"start":{"line":355,"column":45},"end":{"line":382,"column":1}},"line":355},"26":{"name":"(anonymous_26)","decl":{"start":{"line":385,"column":35},"end":{"line":385,"column":36}},"loc":{"start":{"line":385,"column":55},"end":{"line":403,"column":1}},"line":385},"27":{"name":"(anonymous_27)","decl":{"start":{"line":406,"column":31},"end":{"line":406,"column":32}},"loc":{"start":{"line":406,"column":51},"end":{"line":432,"column":1}},"line":406},"28":{"name":"(anonymous_28)","decl":{"start":{"line":437,"column":2},"end":{"line":437,"column":3}},"loc":{"start":{"line":437,"column":22},"end":{"line":454,"column":3}},"line":437},"29":{"name":"(anonymous_29)","decl":{"start":{"line":458,"column":56},"end":{"line":458,"column":57}},"loc":{"start":{"line":458,"column":76},"end":{"line":470,"column":1}},"line":458},"30":{"name":"(anonymous_30)","decl":{"start":{"line":473,"column":59},"end":{"line":473,"column":60}},"loc":{"start":{"line":473,"column":79},"end":{"line":476,"column":1}},"line":473},"31":{"name":"(anonymous_31)","decl":{"start":{"line":482,"column":27},"end":{"line":482,"column":28}},"loc":{"start":{"line":482,"column":47},"end":{"line":485,"column":1}},"line":482},"32":{"name":"(anonymous_32)","decl":{"start":{"line":488,"column":55},"end":{"line":488,"column":56}},"loc":{"start":{"line":488,"column":75},"end":{"line":502,"column":1}},"line":488},"33":{"name":"(anonymous_33)","decl":{"start":{"line":505,"column":58},"end":{"line":505,"column":59}},"loc":{"start":{"line":505,"column":78},"end":{"line":519,"column":1}},"line":505},"34":{"name":"(anonymous_34)","decl":{"start":{"line":522,"column":61},"end":{"line":522,"column":62}},"loc":{"start":{"line":522,"column":81},"end":{"line":529,"column":1}},"line":522},"35":{"name":"(anonymous_35)","decl":{"start":{"line":536,"column":40},"end":{"line":536,"column":41}},"loc":{"start":{"line":536,"column":60},"end":{"line":595,"column":1}},"line":536},"36":{"name":"(anonymous_36)","decl":{"start":{"line":598,"column":39},"end":{"line":598,"column":40}},"loc":{"start":{"line":598,"column":59},"end":{"line":618,"column":1}},"line":598},"37":{"name":"(anonymous_37)","decl":{"start":{"line":621,"column":43},"end":{"line":621,"column":44}},"loc":{"start":{"line":621,"column":63},"end":{"line":632,"column":1}},"line":621},"38":{"name":"(anonymous_38)","decl":{"start":{"line":635,"column":63},"end":{"line":635,"column":64}},"loc":{"start":{"line":635,"column":83},"end":{"line":642,"column":1}},"line":635},"39":{"name":"(anonymous_39)","decl":{"start":{"line":660,"column":54},"end":{"line":660,"column":55}},"loc":{"start":{"line":660,"column":74},"end":{"line":700,"column":1}},"line":660},"40":{"name":"(anonymous_40)","decl":{"start":{"line":703,"column":37},"end":{"line":703,"column":38}},"loc":{"start":{"line":703,"column":57},"end":{"line":750,"column":1}},"line":703},"41":{"name":"(anonymous_41)","decl":{"start":{"line":753,"column":35},"end":{"line":753,"column":36}},"loc":{"start":{"line":753,"column":55},"end":{"line":801,"column":1}},"line":753},"42":{"name":"(anonymous_42)","decl":{"start":{"line":809,"column":24},"end":{"line":809,"column":25}},"loc":{"start":{"line":809,"column":44},"end":{"line":826,"column":1}},"line":809},"43":{"name":"(anonymous_43)","decl":{"start":{"line":831,"column":2},"end":{"line":831,"column":3}},"loc":{"start":{"line":831,"column":22},"end":{"line":849,"column":3}},"line":831},"44":{"name":"(anonymous_44)","decl":{"start":{"line":856,"column":55},"end":{"line":856,"column":56}},"loc":{"start":{"line":856,"column":75},"end":{"line":876,"column":1}},"line":856},"45":{"name":"(anonymous_45)","decl":{"start":{"line":879,"column":55},"end":{"line":879,"column":56}},"loc":{"start":{"line":879,"column":75},"end":{"line":882,"column":1}},"line":879},"46":{"name":"(anonymous_46)","decl":{"start":{"line":885,"column":61},"end":{"line":885,"column":62}},"loc":{"start":{"line":885,"column":81},"end":{"line":889,"column":1}},"line":885},"47":{"name":"(anonymous_47)","decl":{"start":{"line":896,"column":57},"end":{"line":896,"column":58}},"loc":{"start":{"line":896,"column":77},"end":{"line":908,"column":1}},"line":896},"48":{"name":"(anonymous_48)","decl":{"start":{"line":911,"column":64},"end":{"line":911,"column":65}},"loc":{"start":{"line":911,"column":84},"end":{"line":914,"column":1}},"line":911},"49":{"name":"(anonymous_49)","decl":{"start":{"line":921,"column":58},"end":{"line":921,"column":59}},"loc":{"start":{"line":921,"column":78},"end":{"line":924,"column":1}},"line":921},"50":{"name":"(anonymous_50)","decl":{"start":{"line":927,"column":59},"end":{"line":927,"column":60}},"loc":{"start":{"line":927,"column":79},"end":{"line":941,"column":1}},"line":927},"51":{"name":"(anonymous_51)","decl":{"start":{"line":944,"column":62},"end":{"line":944,"column":63}},"loc":{"start":{"line":944,"column":82},"end":{"line":954,"column":1}},"line":944},"52":{"name":"(anonymous_52)","decl":{"start":{"line":957,"column":65},"end":{"line":957,"column":66}},"loc":{"start":{"line":957,"column":85},"end":{"line":960,"column":1}},"line":957},"53":{"name":"(anonymous_53)","decl":{"start":{"line":963,"column":32},"end":{"line":963,"column":33}},"loc":{"start":{"line":963,"column":52},"end":{"line":975,"column":1}},"line":963},"54":{"name":"(anonymous_54)","decl":{"start":{"line":978,"column":35},"end":{"line":978,"column":36}},"loc":{"start":{"line":978,"column":55},"end":{"line":994,"column":1}},"line":978},"55":{"name":"(anonymous_55)","decl":{"start":{"line":1001,"column":58},"end":{"line":1001,"column":59}},"loc":{"start":{"line":1001,"column":78},"end":{"line":1004,"column":1}},"line":1001},"56":{"name":"(anonymous_56)","decl":{"start":{"line":1007,"column":26},"end":{"line":1007,"column":27}},"loc":{"start":{"line":1007,"column":46},"end":{"line":1017,"column":1}},"line":1007},"57":{"name":"(anonymous_57)","decl":{"start":{"line":1020,"column":69},"end":{"line":1020,"column":70}},"loc":{"start":{"line":1020,"column":89},"end":{"line":1024,"column":1}},"line":1020},"58":{"name":"(anonymous_58)","decl":{"start":{"line":1027,"column":69},"end":{"line":1027,"column":70}},"loc":{"start":{"line":1027,"column":89},"end":{"line":1030,"column":1}},"line":1027},"59":{"name":"(anonymous_59)","decl":{"start":{"line":1033,"column":65},"end":{"line":1033,"column":66}},"loc":{"start":{"line":1033,"column":85},"end":{"line":1036,"column":1}},"line":1033},"60":{"name":"(anonymous_60)","decl":{"start":{"line":1043,"column":58},"end":{"line":1043,"column":59}},"loc":{"start":{"line":1043,"column":78},"end":{"line":1050,"column":1}},"line":1043},"61":{"name":"(anonymous_61)","decl":{"start":{"line":1047,"column":17},"end":{"line":1047,"column":18}},"loc":{"start":{"line":1047,"column":22},"end":{"line":1047,"column":47}},"line":1047},"62":{"name":"(anonymous_62)","decl":{"start":{"line":1053,"column":58},"end":{"line":1053,"column":59}},"loc":{"start":{"line":1053,"column":78},"end":{"line":1064,"column":1}},"line":1053},"63":{"name":"(anonymous_63)","decl":{"start":{"line":1072,"column":22},"end":{"line":1072,"column":23}},"loc":{"start":{"line":1072,"column":42},"end":{"line":1098,"column":1}},"line":1072},"64":{"name":"(anonymous_64)","decl":{"start":{"line":1100,"column":23},"end":{"line":1100,"column":24}},"loc":{"start":{"line":1100,"column":37},"end":{"line":1100,"column":81}},"line":1100},"65":{"name":"(anonymous_65)","decl":{"start":{"line":1109,"column":19},"end":{"line":1109,"column":20}},"loc":{"start":{"line":1109,"column":25},"end":{"line":1109,"column":85}},"line":1109}},"branchMap":{"0":{"loc":{"start":{"line":8,"column":34},"end":{"line":8,"column":71}},"type":"cond-expr","locations":[{"start":{"line":8,"column":59},"end":{"line":8,"column":64}},{"start":{"line":8,"column":67},"end":{"line":8,"column":71}}],"line":8},"1":{"loc":{"start":{"line":29,"column":10},"end":{"line":31,"column":56}},"type":"cond-expr","locations":[{"start":{"line":30,"column":6},"end":{"line":30,"column":58}},{"start":{"line":31,"column":6},"end":{"line":31,"column":56}}],"line":29},"2":{"loc":{"start":{"line":39,"column":0},"end":{"line":39,"column":78}},"type":"if","locations":[{"start":{"line":39,"column":0},"end":{"line":39,"column":78}},{"start":{},"end":{}}],"line":39},"3":{"loc":{"start":{"line":46,"column":4},"end":{"line":46,"column":68}},"type":"if","locations":[{"start":{"line":46,"column":4},"end":{"line":46,"column":68}},{"start":{},"end":{}}],"line":46},"4":{"loc":{"start":{"line":50,"column":16},"end":{"line":50,"column":71}},"type":"binary-expr","locations":[{"start":{"line":50,"column":16},"end":{"line":50,"column":61}},{"start":{"line":50,"column":65},"end":{"line":50,"column":71}}],"line":50},"5":{"loc":{"start":{"line":58,"column":4},"end":{"line":59,"column":49}},"type":"if","locations":[{"start":{"line":58,"column":4},"end":{"line":59,"column":49}},{"start":{"line":59,"column":9},"end":{"line":59,"column":49}}],"line":58},"6":{"loc":{"start":{"line":66,"column":8},"end":{"line":66,"column":42}},"type":"binary-expr","locations":[{"start":{"line":66,"column":8},"end":{"line":66,"column":27}},{"start":{"line":66,"column":31},"end":{"line":66,"column":42}}],"line":66},"7":{"loc":{"start":{"line":67,"column":8},"end":{"line":67,"column":45}},"type":"binary-expr","locations":[{"start":{"line":67,"column":8},"end":{"line":67,"column":37}},{"start":{"line":67,"column":41},"end":{"line":67,"column":45}}],"line":67},"8":{"loc":{"start":{"line":68,"column":8},"end":{"line":68,"column":37}},"type":"binary-expr","locations":[{"start":{"line":68,"column":8},"end":{"line":68,"column":27}},{"start":{"line":68,"column":31},"end":{"line":68,"column":37}}],"line":68},"9":{"loc":{"start":{"line":69,"column":12},"end":{"line":69,"column":41}},"type":"binary-expr","locations":[{"start":{"line":69,"column":12},"end":{"line":69,"column":35}},{"start":{"line":69,"column":39},"end":{"line":69,"column":41}}],"line":69},"10":{"loc":{"start":{"line":70,"column":12},"end":{"line":70,"column":44}},"type":"binary-expr","locations":[{"start":{"line":70,"column":12},"end":{"line":70,"column":31}},{"start":{"line":70,"column":35},"end":{"line":70,"column":44}}],"line":70},"11":{"loc":{"start":{"line":77,"column":0},"end":{"line":79,"column":1}},"type":"if","locations":[{"start":{"line":77,"column":0},"end":{"line":79,"column":1}},{"start":{},"end":{}}],"line":77},"12":{"loc":{"start":{"line":88,"column":19},"end":{"line":88,"column":60}},"type":"binary-expr","locations":[{"start":{"line":88,"column":19},"end":{"line":88,"column":41}},{"start":{"line":88,"column":45},"end":{"line":88,"column":60}}],"line":88},"13":{"loc":{"start":{"line":89,"column":20},"end":{"line":89,"column":54}},"type":"binary-expr","locations":[{"start":{"line":89,"column":20},"end":{"line":89,"column":46}},{"start":{"line":89,"column":50},"end":{"line":89,"column":54}}],"line":89},"14":{"loc":{"start":{"line":97,"column":2},"end":{"line":97,"column":107}},"type":"if","locations":[{"start":{"line":97,"column":2},"end":{"line":97,"column":107}},{"start":{},"end":{}}],"line":97},"15":{"loc":{"start":{"line":97,"column":6},"end":{"line":97,"column":46}},"type":"binary-expr","locations":[{"start":{"line":97,"column":6},"end":{"line":97,"column":13}},{"start":{"line":97,"column":17},"end":{"line":97,"column":46}}],"line":97},"16":{"loc":{"start":{"line":107,"column":2},"end":{"line":107,"column":93}},"type":"if","locations":[{"start":{"line":107,"column":2},"end":{"line":107,"column":93}},{"start":{},"end":{}}],"line":107},"17":{"loc":{"start":{"line":121,"column":17},"end":{"line":121,"column":82}},"type":"binary-expr","locations":[{"start":{"line":121,"column":17},"end":{"line":121,"column":40}},{"start":{"line":121,"column":44},"end":{"line":121,"column":62}},{"start":{"line":121,"column":66},"end":{"line":121,"column":82}}],"line":121},"18":{"loc":{"start":{"line":143,"column":15},"end":{"line":143,"column":89}},"type":"binary-expr","locations":[{"start":{"line":143,"column":15},"end":{"line":143,"column":45}},{"start":{"line":143,"column":49},"end":{"line":143,"column":74}},{"start":{"line":143,"column":78},"end":{"line":143,"column":89}}],"line":143},"19":{"loc":{"start":{"line":145,"column":2},"end":{"line":145,"column":62}},"type":"if","locations":[{"start":{"line":145,"column":2},"end":{"line":145,"column":62}},{"start":{},"end":{}}],"line":145},"20":{"loc":{"start":{"line":145,"column":6},"end":{"line":145,"column":41}},"type":"binary-expr","locations":[{"start":{"line":145,"column":6},"end":{"line":145,"column":10}},{"start":{"line":145,"column":14},"end":{"line":145,"column":27}},{"start":{"line":145,"column":31},"end":{"line":145,"column":41}}],"line":145},"21":{"loc":{"start":{"line":162,"column":2},"end":{"line":162,"column":34}},"type":"if","locations":[{"start":{"line":162,"column":2},"end":{"line":162,"column":34}},{"start":{},"end":{}}],"line":162},"22":{"loc":{"start":{"line":166,"column":2},"end":{"line":169,"column":3}},"type":"if","locations":[{"start":{"line":166,"column":2},"end":{"line":169,"column":3}},{"start":{},"end":{}}],"line":166},"23":{"loc":{"start":{"line":168,"column":4},"end":{"line":168,"column":42}},"type":"if","locations":[{"start":{"line":168,"column":4},"end":{"line":168,"column":42}},{"start":{},"end":{}}],"line":168},"24":{"loc":{"start":{"line":172,"column":2},"end":{"line":179,"column":3}},"type":"if","locations":[{"start":{"line":172,"column":2},"end":{"line":179,"column":3}},{"start":{},"end":{}}],"line":172},"25":{"loc":{"start":{"line":175,"column":13},"end":{"line":175,"column":26}},"type":"binary-expr","locations":[{"start":{"line":175,"column":13},"end":{"line":175,"column":18}},{"start":{"line":175,"column":22},"end":{"line":175,"column":26}}],"line":175},"26":{"loc":{"start":{"line":175,"column":28},"end":{"line":175,"column":42}},"type":"binary-expr","locations":[{"start":{"line":175,"column":28},"end":{"line":175,"column":34}},{"start":{"line":175,"column":38},"end":{"line":175,"column":42}}],"line":175},"27":{"loc":{"start":{"line":195,"column":0},"end":{"line":212,"column":1}},"type":"if","locations":[{"start":{"line":195,"column":0},"end":{"line":212,"column":1}},{"start":{},"end":{}}],"line":195},"28":{"loc":{"start":{"line":214,"column":0},"end":{"line":232,"column":1}},"type":"if","locations":[{"start":{"line":214,"column":0},"end":{"line":232,"column":1}},{"start":{},"end":{}}],"line":214},"29":{"loc":{"start":{"line":234,"column":0},"end":{"line":251,"column":1}},"type":"if","locations":[{"start":{"line":234,"column":0},"end":{"line":251,"column":1}},{"start":{},"end":{}}],"line":234},"30":{"loc":{"start":{"line":244,"column":14},"end":{"line":244,"column":53}},"type":"binary-expr","locations":[{"start":{"line":244,"column":14},"end":{"line":244,"column":33}},{"start":{"line":244,"column":37},"end":{"line":244,"column":53}}],"line":244},"31":{"loc":{"start":{"line":266,"column":4},"end":{"line":266,"column":83}},"type":"if","locations":[{"start":{"line":266,"column":4},"end":{"line":266,"column":83}},{"start":{},"end":{}}],"line":266},"32":{"loc":{"start":{"line":271,"column":6},"end":{"line":271,"column":85}},"type":"if","locations":[{"start":{"line":271,"column":6},"end":{"line":271,"column":85}},{"start":{},"end":{}}],"line":271},"33":{"loc":{"start":{"line":295,"column":4},"end":{"line":295,"column":83}},"type":"if","locations":[{"start":{"line":295,"column":4},"end":{"line":295,"column":83}},{"start":{},"end":{}}],"line":295},"34":{"loc":{"start":{"line":300,"column":6},"end":{"line":300,"column":99}},"type":"if","locations":[{"start":{"line":300,"column":6},"end":{"line":300,"column":99}},{"start":{},"end":{}}],"line":300},"35":{"loc":{"start":{"line":303,"column":6},"end":{"line":303,"column":110}},"type":"if","locations":[{"start":{"line":303,"column":6},"end":{"line":303,"column":110}},{"start":{},"end":{}}],"line":303},"36":{"loc":{"start":{"line":306,"column":6},"end":{"line":306,"column":90}},"type":"if","locations":[{"start":{"line":306,"column":6},"end":{"line":306,"column":90}},{"start":{},"end":{}}],"line":306},"37":{"loc":{"start":{"line":322,"column":2},"end":{"line":322,"column":84}},"type":"if","locations":[{"start":{"line":322,"column":2},"end":{"line":322,"column":84}},{"start":{},"end":{}}],"line":322},"38":{"loc":{"start":{"line":357,"column":30},"end":{"line":357,"column":38}},"type":"default-arg","locations":[{"start":{"line":357,"column":37},"end":{"line":357,"column":38}}],"line":357},"39":{"loc":{"start":{"line":357,"column":40},"end":{"line":357,"column":50}},"type":"default-arg","locations":[{"start":{"line":357,"column":48},"end":{"line":357,"column":50}}],"line":357},"40":{"loc":{"start":{"line":362,"column":4},"end":{"line":362,"column":70}},"type":"if","locations":[{"start":{"line":362,"column":4},"end":{"line":362,"column":70}},{"start":{},"end":{}}],"line":362},"41":{"loc":{"start":{"line":363,"column":4},"end":{"line":363,"column":76}},"type":"if","locations":[{"start":{"line":363,"column":4},"end":{"line":363,"column":76}},{"start":{},"end":{}}],"line":363},"42":{"loc":{"start":{"line":365,"column":21},"end":{"line":365,"column":71}},"type":"cond-expr","locations":[{"start":{"line":365,"column":36},"end":{"line":365,"column":66}},{"start":{"line":365,"column":69},"end":{"line":365,"column":71}}],"line":365},"43":{"loc":{"start":{"line":398,"column":4},"end":{"line":398,"column":90}},"type":"if","locations":[{"start":{"line":398,"column":4},"end":{"line":398,"column":90}},{"start":{},"end":{}}],"line":398},"44":{"loc":{"start":{"line":420,"column":4},"end":{"line":420,"column":90}},"type":"if","locations":[{"start":{"line":420,"column":4},"end":{"line":420,"column":90}},{"start":{},"end":{}}],"line":420},"45":{"loc":{"start":{"line":439,"column":4},"end":{"line":439,"column":83}},"type":"if","locations":[{"start":{"line":439,"column":4},"end":{"line":439,"column":83}},{"start":{},"end":{}}],"line":439},"46":{"loc":{"start":{"line":447,"column":54},"end":{"line":447,"column":76}},"type":"binary-expr","locations":[{"start":{"line":447,"column":54},"end":{"line":447,"column":68}},{"start":{"line":447,"column":72},"end":{"line":447,"column":76}}],"line":447},"47":{"loc":{"start":{"line":447,"column":78},"end":{"line":447,"column":88}},"type":"binary-expr","locations":[{"start":{"line":447,"column":78},"end":{"line":447,"column":83}},{"start":{"line":447,"column":87},"end":{"line":447,"column":88}}],"line":447},"48":{"loc":{"start":{"line":463,"column":46},"end":{"line":463,"column":68}},"type":"binary-expr","locations":[{"start":{"line":463,"column":46},"end":{"line":463,"column":60}},{"start":{"line":463,"column":64},"end":{"line":463,"column":68}}],"line":463},"49":{"loc":{"start":{"line":463,"column":91},"end":{"line":463,"column":105}},"type":"binary-expr","locations":[{"start":{"line":463,"column":91},"end":{"line":463,"column":100}},{"start":{"line":463,"column":104},"end":{"line":463,"column":105}}],"line":463},"50":{"loc":{"start":{"line":490,"column":2},"end":{"line":490,"column":86}},"type":"if","locations":[{"start":{"line":490,"column":2},"end":{"line":490,"column":86}},{"start":{},"end":{}}],"line":490},"51":{"loc":{"start":{"line":490,"column":6},"end":{"line":490,"column":20}},"type":"binary-expr","locations":[{"start":{"line":490,"column":6},"end":{"line":490,"column":11}},{"start":{"line":490,"column":15},"end":{"line":490,"column":20}}],"line":490},"52":{"loc":{"start":{"line":494,"column":19},"end":{"line":494,"column":38}},"type":"binary-expr","locations":[{"start":{"line":494,"column":19},"end":{"line":494,"column":30}},{"start":{"line":494,"column":34},"end":{"line":494,"column":38}}],"line":494},"53":{"loc":{"start":{"line":499,"column":4},"end":{"line":499,"column":95}},"type":"if","locations":[{"start":{"line":499,"column":4},"end":{"line":499,"column":95}},{"start":{},"end":{}}],"line":499},"54":{"loc":{"start":{"line":510,"column":19},"end":{"line":510,"column":38}},"type":"binary-expr","locations":[{"start":{"line":510,"column":19},"end":{"line":510,"column":30}},{"start":{"line":510,"column":34},"end":{"line":510,"column":38}}],"line":510},"55":{"loc":{"start":{"line":513,"column":4},"end":{"line":513,"column":73}},"type":"if","locations":[{"start":{"line":513,"column":4},"end":{"line":513,"column":73}},{"start":{},"end":{}}],"line":513},"56":{"loc":{"start":{"line":516,"column":4},"end":{"line":516,"column":95}},"type":"if","locations":[{"start":{"line":516,"column":4},"end":{"line":516,"column":95}},{"start":{},"end":{}}],"line":516},"57":{"loc":{"start":{"line":525,"column":4},"end":{"line":525,"column":104}},"type":"if","locations":[{"start":{"line":525,"column":4},"end":{"line":525,"column":104}},{"start":{},"end":{}}],"line":525},"58":{"loc":{"start":{"line":538,"column":2},"end":{"line":538,"column":90}},"type":"if","locations":[{"start":{"line":538,"column":2},"end":{"line":538,"column":90}},{"start":{},"end":{}}],"line":538},"59":{"loc":{"start":{"line":538,"column":6},"end":{"line":538,"column":29}},"type":"binary-expr","locations":[{"start":{"line":538,"column":6},"end":{"line":538,"column":12}},{"start":{"line":538,"column":16},"end":{"line":538,"column":29}}],"line":538},"60":{"loc":{"start":{"line":546,"column":6},"end":{"line":546,"column":81}},"type":"if","locations":[{"start":{"line":546,"column":6},"end":{"line":546,"column":81}},{"start":{},"end":{}}],"line":546},"61":{"loc":{"start":{"line":547,"column":6},"end":{"line":547,"column":106}},"type":"if","locations":[{"start":{"line":547,"column":6},"end":{"line":547,"column":106}},{"start":{},"end":{}}],"line":547},"62":{"loc":{"start":{"line":566,"column":89},"end":{"line":566,"column":112}},"type":"binary-expr","locations":[{"start":{"line":566,"column":89},"end":{"line":566,"column":103}},{"start":{"line":566,"column":107},"end":{"line":566,"column":112}}],"line":566},"63":{"loc":{"start":{"line":566,"column":114},"end":{"line":566,"column":126}},"type":"binary-expr","locations":[{"start":{"line":566,"column":114},"end":{"line":566,"column":118}},{"start":{"line":566,"column":122},"end":{"line":566,"column":126}}],"line":566},"64":{"loc":{"start":{"line":579,"column":4},"end":{"line":584,"column":5}},"type":"if","locations":[{"start":{"line":579,"column":4},"end":{"line":584,"column":5}},{"start":{},"end":{}}],"line":579},"65":{"loc":{"start":{"line":600,"column":20},"end":{"line":600,"column":28}},"type":"default-arg","locations":[{"start":{"line":600,"column":27},"end":{"line":600,"column":28}}],"line":600},"66":{"loc":{"start":{"line":600,"column":30},"end":{"line":600,"column":40}},"type":"default-arg","locations":[{"start":{"line":600,"column":38},"end":{"line":600,"column":40}}],"line":600},"67":{"loc":{"start":{"line":602,"column":16},"end":{"line":602,"column":66}},"type":"cond-expr","locations":[{"start":{"line":602,"column":44},"end":{"line":602,"column":46}},{"start":{"line":602,"column":49},"end":{"line":602,"column":66}}],"line":602},"68":{"loc":{"start":{"line":603,"column":19},"end":{"line":603,"column":65}},"type":"cond-expr","locations":[{"start":{"line":603,"column":47},"end":{"line":603,"column":49}},{"start":{"line":603,"column":52},"end":{"line":603,"column":65}}],"line":603},"69":{"loc":{"start":{"line":605,"column":4},"end":{"line":605,"column":68}},"type":"if","locations":[{"start":{"line":605,"column":4},"end":{"line":605,"column":68}},{"start":{},"end":{}}],"line":605},"70":{"loc":{"start":{"line":606,"column":21},"end":{"line":606,"column":71}},"type":"cond-expr","locations":[{"start":{"line":606,"column":36},"end":{"line":606,"column":66}},{"start":{"line":606,"column":69},"end":{"line":606,"column":71}}],"line":606},"71":{"loc":{"start":{"line":624,"column":4},"end":{"line":624,"column":84}},"type":"if","locations":[{"start":{"line":624,"column":4},"end":{"line":624,"column":84}},{"start":{},"end":{}}],"line":624},"72":{"loc":{"start":{"line":625,"column":4},"end":{"line":625,"column":127}},"type":"if","locations":[{"start":{"line":625,"column":4},"end":{"line":625,"column":127}},{"start":{},"end":{}}],"line":625},"73":{"loc":{"start":{"line":625,"column":8},"end":{"line":625,"column":66}},"type":"binary-expr","locations":[{"start":{"line":625,"column":8},"end":{"line":625,"column":33}},{"start":{"line":625,"column":37},"end":{"line":625,"column":66}}],"line":625},"74":{"loc":{"start":{"line":638,"column":2},"end":{"line":638,"column":107}},"type":"if","locations":[{"start":{"line":638,"column":2},"end":{"line":638,"column":107}},{"start":{},"end":{}}],"line":638},"75":{"loc":{"start":{"line":663,"column":4},"end":{"line":663,"column":78}},"type":"if","locations":[{"start":{"line":663,"column":4},"end":{"line":663,"column":78}},{"start":{},"end":{}}],"line":663},"76":{"loc":{"start":{"line":669,"column":4},"end":{"line":669,"column":84}},"type":"if","locations":[{"start":{"line":669,"column":4},"end":{"line":669,"column":84}},{"start":{},"end":{}}],"line":669},"77":{"loc":{"start":{"line":670,"column":4},"end":{"line":670,"column":113}},"type":"if","locations":[{"start":{"line":670,"column":4},"end":{"line":670,"column":113}},{"start":{},"end":{}}],"line":670},"78":{"loc":{"start":{"line":704,"column":20},"end":{"line":704,"column":69}},"type":"binary-expr","locations":[{"start":{"line":704,"column":20},"end":{"line":704,"column":42}},{"start":{"line":704,"column":46},"end":{"line":704,"column":69}}],"line":704},"79":{"loc":{"start":{"line":710,"column":4},"end":{"line":713,"column":5}},"type":"if","locations":[{"start":{"line":710,"column":4},"end":{"line":713,"column":5}},{"start":{},"end":{}}],"line":710},"80":{"loc":{"start":{"line":716,"column":19},"end":{"line":716,"column":48}},"type":"cond-expr","locations":[{"start":{"line":716,"column":28},"end":{"line":716,"column":37}},{"start":{"line":716,"column":40},"end":{"line":716,"column":48}}],"line":716},"81":{"loc":{"start":{"line":723,"column":25},"end":{"line":723,"column":58}},"type":"binary-expr","locations":[{"start":{"line":723,"column":25},"end":{"line":723,"column":52}},{"start":{"line":723,"column":56},"end":{"line":723,"column":58}}],"line":723},"82":{"loc":{"start":{"line":723,"column":60},"end":{"line":723,"column":88}},"type":"binary-expr","locations":[{"start":{"line":723,"column":60},"end":{"line":723,"column":82}},{"start":{"line":723,"column":86},"end":{"line":723,"column":88}}],"line":723},"83":{"loc":{"start":{"line":732,"column":4},"end":{"line":732,"column":81}},"type":"if","locations":[{"start":{"line":732,"column":4},"end":{"line":732,"column":81}},{"start":{},"end":{}}],"line":732},"84":{"loc":{"start":{"line":734,"column":4},"end":{"line":742,"column":5}},"type":"if","locations":[{"start":{"line":734,"column":4},"end":{"line":742,"column":5}},{"start":{},"end":{}}],"line":734},"85":{"loc":{"start":{"line":759,"column":4},"end":{"line":762,"column":5}},"type":"if","locations":[{"start":{"line":759,"column":4},"end":{"line":762,"column":5}},{"start":{},"end":{}}],"line":759},"86":{"loc":{"start":{"line":768,"column":4},"end":{"line":768,"column":77}},"type":"if","locations":[{"start":{"line":768,"column":4},"end":{"line":768,"column":77}},{"start":{},"end":{}}],"line":768},"87":{"loc":{"start":{"line":769,"column":4},"end":{"line":769,"column":99}},"type":"if","locations":[{"start":{"line":769,"column":4},"end":{"line":769,"column":99}},{"start":{},"end":{}}],"line":769},"88":{"loc":{"start":{"line":771,"column":4},"end":{"line":774,"column":5}},"type":"if","locations":[{"start":{"line":771,"column":4},"end":{"line":774,"column":5}},{"start":{},"end":{}}],"line":771},"89":{"loc":{"start":{"line":777,"column":19},"end":{"line":777,"column":48}},"type":"cond-expr","locations":[{"start":{"line":777,"column":28},"end":{"line":777,"column":37}},{"start":{"line":777,"column":40},"end":{"line":777,"column":48}}],"line":777},"90":{"loc":{"start":{"line":783,"column":25},"end":{"line":783,"column":58}},"type":"binary-expr","locations":[{"start":{"line":783,"column":25},"end":{"line":783,"column":52}},{"start":{"line":783,"column":56},"end":{"line":783,"column":58}}],"line":783},"91":{"loc":{"start":{"line":783,"column":60},"end":{"line":783,"column":88}},"type":"binary-expr","locations":[{"start":{"line":783,"column":60},"end":{"line":783,"column":82}},{"start":{"line":783,"column":86},"end":{"line":783,"column":88}}],"line":783},"92":{"loc":{"start":{"line":786,"column":4},"end":{"line":793,"column":5}},"type":"if","locations":[{"start":{"line":786,"column":4},"end":{"line":793,"column":5}},{"start":{},"end":{}}],"line":786},"93":{"loc":{"start":{"line":811,"column":2},"end":{"line":811,"column":80}},"type":"if","locations":[{"start":{"line":811,"column":2},"end":{"line":811,"column":80}},{"start":{},"end":{}}],"line":811},"94":{"loc":{"start":{"line":833,"column":4},"end":{"line":833,"column":83}},"type":"if","locations":[{"start":{"line":833,"column":4},"end":{"line":833,"column":83}},{"start":{},"end":{}}],"line":833},"95":{"loc":{"start":{"line":839,"column":42},"end":{"line":839,"column":55}},"type":"binary-expr","locations":[{"start":{"line":839,"column":42},"end":{"line":839,"column":47}},{"start":{"line":839,"column":51},"end":{"line":839,"column":55}}],"line":839},"96":{"loc":{"start":{"line":839,"column":57},"end":{"line":839,"column":72}},"type":"binary-expr","locations":[{"start":{"line":839,"column":57},"end":{"line":839,"column":64}},{"start":{"line":839,"column":68},"end":{"line":839,"column":72}}],"line":839},"97":{"loc":{"start":{"line":928,"column":29},"end":{"line":928,"column":42}},"type":"default-arg","locations":[{"start":{"line":928,"column":41},"end":{"line":928,"column":42}}],"line":928},"98":{"loc":{"start":{"line":928,"column":44},"end":{"line":928,"column":59}},"type":"default-arg","locations":[{"start":{"line":928,"column":55},"end":{"line":928,"column":59}}],"line":928},"99":{"loc":{"start":{"line":928,"column":61},"end":{"line":928,"column":78}},"type":"default-arg","locations":[{"start":{"line":928,"column":74},"end":{"line":928,"column":78}}],"line":928},"100":{"loc":{"start":{"line":928,"column":80},"end":{"line":928,"column":93}},"type":"default-arg","locations":[{"start":{"line":928,"column":92},"end":{"line":928,"column":93}}],"line":928},"101":{"loc":{"start":{"line":929,"column":2},"end":{"line":929,"column":89}},"type":"if","locations":[{"start":{"line":929,"column":2},"end":{"line":929,"column":89}},{"start":{},"end":{}}],"line":929},"102":{"loc":{"start":{"line":929,"column":6},"end":{"line":929,"column":21}},"type":"binary-expr","locations":[{"start":{"line":929,"column":6},"end":{"line":929,"column":11}},{"start":{"line":929,"column":15},"end":{"line":929,"column":21}}],"line":929},"103":{"loc":{"start":{"line":933,"column":27},"end":{"line":933,"column":44}},"type":"binary-expr","locations":[{"start":{"line":933,"column":27},"end":{"line":933,"column":31}},{"start":{"line":933,"column":35},"end":{"line":933,"column":44}}],"line":933},"104":{"loc":{"start":{"line":933,"column":66},"end":{"line":933,"column":82}},"type":"binary-expr","locations":[{"start":{"line":933,"column":66},"end":{"line":933,"column":74}},{"start":{"line":933,"column":78},"end":{"line":933,"column":82}}],"line":933},"105":{"loc":{"start":{"line":933,"column":84},"end":{"line":933,"column":102}},"type":"binary-expr","locations":[{"start":{"line":933,"column":84},"end":{"line":933,"column":94}},{"start":{"line":933,"column":98},"end":{"line":933,"column":102}}],"line":933},"106":{"loc":{"start":{"line":938,"column":4},"end":{"line":938,"column":101}},"type":"if","locations":[{"start":{"line":938,"column":4},"end":{"line":938,"column":101}},{"start":{},"end":{}}],"line":938},"107":{"loc":{"start":{"line":949,"column":42},"end":{"line":949,"column":57}},"type":"binary-expr","locations":[{"start":{"line":949,"column":42},"end":{"line":949,"column":52}},{"start":{"line":949,"column":56},"end":{"line":949,"column":57}}],"line":949},"108":{"loc":{"start":{"line":949,"column":59},"end":{"line":949,"column":75}},"type":"binary-expr","locations":[{"start":{"line":949,"column":59},"end":{"line":949,"column":67}},{"start":{"line":949,"column":71},"end":{"line":949,"column":75}}],"line":949},"109":{"loc":{"start":{"line":949,"column":77},"end":{"line":949,"column":95}},"type":"binary-expr","locations":[{"start":{"line":949,"column":77},"end":{"line":949,"column":87}},{"start":{"line":949,"column":91},"end":{"line":949,"column":95}}],"line":949},"110":{"loc":{"start":{"line":980,"column":2},"end":{"line":980,"column":74}},"type":"if","locations":[{"start":{"line":980,"column":2},"end":{"line":980,"column":74}},{"start":{},"end":{}}],"line":980},"111":{"loc":{"start":{"line":986,"column":4},"end":{"line":986,"column":88}},"type":"if","locations":[{"start":{"line":986,"column":4},"end":{"line":986,"column":88}},{"start":{},"end":{}}],"line":986},"112":{"loc":{"start":{"line":987,"column":4},"end":{"line":988,"column":97}},"type":"if","locations":[{"start":{"line":987,"column":4},"end":{"line":988,"column":97}},{"start":{},"end":{}}],"line":987},"113":{"loc":{"start":{"line":987,"column":8},"end":{"line":987,"column":52}},"type":"binary-expr","locations":[{"start":{"line":987,"column":8},"end":{"line":987,"column":23}},{"start":{"line":987,"column":27},"end":{"line":987,"column":52}}],"line":987},"114":{"loc":{"start":{"line":989,"column":21},"end":{"line":991,"column":38}},"type":"cond-expr","locations":[{"start":{"line":990,"column":8},"end":{"line":990,"column":47}},{"start":{"line":991,"column":8},"end":{"line":991,"column":38}}],"line":989},"115":{"loc":{"start":{"line":1009,"column":2},"end":{"line":1009,"column":95}},"type":"if","locations":[{"start":{"line":1009,"column":2},"end":{"line":1009,"column":95}},{"start":{},"end":{}}],"line":1009},"116":{"loc":{"start":{"line":1009,"column":6},"end":{"line":1009,"column":33}},"type":"binary-expr","locations":[{"start":{"line":1009,"column":6},"end":{"line":1009,"column":11}},{"start":{"line":1009,"column":15},"end":{"line":1009,"column":21}},{"start":{"line":1009,"column":25},"end":{"line":1009,"column":33}}],"line":1009},"117":{"loc":{"start":{"line":1013,"column":20},"end":{"line":1013,"column":33}},"type":"binary-expr","locations":[{"start":{"line":1013,"column":20},"end":{"line":1013,"column":25}},{"start":{"line":1013,"column":29},"end":{"line":1013,"column":33}}],"line":1013},"118":{"loc":{"start":{"line":1013,"column":35},"end":{"line":1013,"column":55}},"type":"binary-expr","locations":[{"start":{"line":1013,"column":35},"end":{"line":1013,"column":42}},{"start":{"line":1013,"column":46},"end":{"line":1013,"column":55}}],"line":1013},"119":{"loc":{"start":{"line":1075,"column":4},"end":{"line":1075,"column":98}},"type":"if","locations":[{"start":{"line":1075,"column":4},"end":{"line":1075,"column":98}},{"start":{},"end":{}}],"line":1075},"120":{"loc":{"start":{"line":1075,"column":8},"end":{"line":1075,"column":37}},"type":"binary-expr","locations":[{"start":{"line":1075,"column":8},"end":{"line":1075,"column":17}},{"start":{"line":1075,"column":21},"end":{"line":1075,"column":37}}],"line":1075},"121":{"loc":{"start":{"line":1078,"column":4},"end":{"line":1078,"column":94}},"type":"if","locations":[{"start":{"line":1078,"column":4},"end":{"line":1078,"column":94}},{"start":{},"end":{}}],"line":1078},"122":{"loc":{"start":{"line":1090,"column":17},"end":{"line":1090,"column":62}},"type":"binary-expr","locations":[{"start":{"line":1090,"column":17},"end":{"line":1090,"column":56}},{"start":{"line":1090,"column":60},"end":{"line":1090,"column":62}}],"line":1090},"123":{"loc":{"start":{"line":1095,"column":19},"end":{"line":1095,"column":36}},"type":"binary-expr","locations":[{"start":{"line":1095,"column":19},"end":{"line":1095,"column":29}},{"start":{"line":1095,"column":33},"end":{"line":1095,"column":36}}],"line":1095},"124":{"loc":{"start":{"line":1096,"column":39},"end":{"line":1096,"column":66}},"type":"binary-expr","locations":[{"start":{"line":1096,"column":39},"end":{"line":1096,"column":50}},{"start":{"line":1096,"column":54},"end":{"line":1096,"column":66}}],"line":1096},"125":{"loc":{"start":{"line":1105,"column":13},"end":{"line":1105,"column":37}},"type":"binary-expr","locations":[{"start":{"line":1105,"column":13},"end":{"line":1105,"column":29}},{"start":{"line":1105,"column":33},"end":{"line":1105,"column":37}}],"line":1105},"126":{"loc":{"start":{"line":1108,"column":0},"end":{"line":1110,"column":1}},"type":"if","locations":[{"start":{"line":1108,"column":0},"end":{"line":1110,"column":1}},{"start":{},"end":{}}],"line":1108}},"s":{"0":5,"1":5,"2":5,"3":5,"4":5,"5":5,"6":5,"7":5,"8":5,"9":5,"10":5,"11":5,"12":5,"13":5,"14":5,"15":5,"16":5,"17":5,"18":5,"19":5,"20":5,"21":5,"22":5,"23":5,"24":0,"25":5,"26":5,"27":0,"28":0,"29":0,"30":0,"31":0,"32":0,"33":5,"34":0,"35":0,"36":0,"37":5,"38":5,"39":0,"40":5,"41":5,"42":5,"43":5,"44":0,"45":5,"46":5,"47":11,"48":4,"49":4,"50":0,"51":4,"52":4,"53":4,"54":0,"55":3,"56":3,"57":0,"58":0,"59":0,"60":0,"61":0,"62":0,"63":0,"64":0,"65":0,"66":0,"67":0,"68":0,"69":0,"70":0,"71":0,"72":0,"73":0,"74":0,"75":0,"76":0,"77":0,"78":0,"79":0,"80":0,"81":0,"82":0,"83":0,"84":0,"85":0,"86":0,"87":0,"88":0,"89":0,"90":0,"91":5,"92":0,"93":0,"94":0,"95":0,"96":0,"97":5,"98":0,"99":0,"100":0,"101":0,"102":0,"103":5,"104":0,"105":0,"106":0,"107":0,"108":0,"109":5,"110":9,"111":9,"112":2,"113":7,"114":7,"115":7,"116":7,"117":0,"118":7,"119":7,"120":7,"121":7,"122":7,"123":0,"124":5,"125":6,"126":6,"127":0,"128":6,"129":6,"130":6,"131":6,"132":1,"133":5,"134":5,"135":0,"136":5,"137":5,"138":1,"139":4,"140":4,"141":0,"142":5,"143":0,"144":0,"145":0,"146":0,"147":5,"148":15,"149":0,"150":0,"151":5,"152":5,"153":5,"154":5,"155":5,"156":5,"157":5,"158":1,"159":1,"160":1,"161":1,"162":1,"163":1,"164":0,"165":0,"166":1,"167":0,"168":0,"169":1,"170":1,"171":1,"172":1,"173":0,"174":5,"175":0,"176":0,"177":0,"178":0,"179":0,"180":0,"181":5,"182":0,"183":0,"184":0,"185":0,"186":0,"187":0,"188":0,"189":5,"190":0,"191":0,"192":0,"193":0,"194":0,"195":0,"196":0,"197":0,"198":0,"199":0,"200":5,"201":0,"202":0,"203":0,"204":0,"205":0,"206":0,"207":5,"208":0,"209":0,"210":5,"211":0,"212":0,"213":5,"214":0,"215":0,"216":0,"217":0,"218":0,"219":0,"220":0,"221":0,"222":0,"223":0,"224":5,"225":0,"226":0,"227":0,"228":0,"229":0,"230":0,"231":0,"232":0,"233":0,"234":0,"235":5,"236":0,"237":0,"238":0,"239":0,"240":0,"241":0,"242":0,"243":5,"244":1,"245":1,"246":1,"247":0,"248":0,"249":0,"250":0,"251":0,"252":0,"253":0,"254":0,"255":0,"256":0,"257":0,"258":0,"259":0,"260":0,"261":0,"262":0,"263":0,"264":0,"265":0,"266":0,"267":0,"268":0,"269":0,"270":0,"271":0,"272":0,"273":0,"274":0,"275":0,"276":0,"277":0,"278":5,"279":0,"280":0,"281":0,"282":0,"283":0,"284":0,"285":0,"286":0,"287":0,"288":0,"289":0,"290":0,"291":5,"292":0,"293":0,"294":0,"295":0,"296":0,"297":0,"298":0,"299":0,"300":0,"301":5,"302":0,"303":0,"304":0,"305":0,"306":0,"307":0,"308":5,"309":5,"310":5,"311":0,"312":0,"313":0,"314":0,"315":0,"316":0,"317":0,"318":0,"319":0,"320":0,"321":0,"322":0,"323":0,"324":0,"325":0,"326":0,"327":0,"328":0,"329":5,"330":0,"331":0,"332":0,"333":0,"334":0,"335":0,"336":0,"337":0,"338":0,"339":0,"340":0,"341":0,"342":0,"343":0,"344":0,"345":0,"346":0,"347":0,"348":0,"349":0,"350":0,"351":0,"352":5,"353":0,"354":0,"355":0,"356":0,"357":0,"358":0,"359":0,"360":0,"361":0,"362":0,"363":0,"364":0,"365":0,"366":0,"367":0,"368":0,"369":0,"370":0,"371":0,"372":0,"373":0,"374":0,"375":0,"376":0,"377":5,"378":0,"379":0,"380":0,"381":0,"382":0,"383":0,"384":0,"385":5,"386":0,"387":0,"388":0,"389":0,"390":0,"391":0,"392":0,"393":0,"394":0,"395":5,"396":0,"397":0,"398":0,"399":0,"400":0,"401":0,"402":0,"403":0,"404":0,"405":5,"406":0,"407":0,"408":5,"409":0,"410":0,"411":0,"412":5,"413":0,"414":0,"415":0,"416":0,"417":5,"418":0,"419":0,"420":5,"421":0,"422":0,"423":5,"424":0,"425":0,"426":0,"427":0,"428":0,"429":0,"430":0,"431":0,"432":0,"433":0,"434":5,"435":0,"436":0,"437":0,"438":0,"439":0,"440":0,"441":5,"442":0,"443":0,"444":5,"445":0,"446":0,"447":0,"448":0,"449":5,"450":0,"451":0,"452":0,"453":0,"454":0,"455":0,"456":0,"457":0,"458":0,"459":0,"460":0,"461":0,"462":5,"463":0,"464":0,"465":5,"466":0,"467":0,"468":0,"469":0,"470":0,"471":0,"472":0,"473":5,"474":0,"475":0,"476":0,"477":5,"478":0,"479":0,"480":5,"481":0,"482":0,"483":5,"484":0,"485":0,"486":0,"487":0,"488":0,"489":0,"490":0,"491":5,"492":0,"493":0,"494":0,"495":0,"496":0,"497":0,"498":5,"499":5,"500":0,"501":0,"502":0,"503":0,"504":0,"505":0,"506":0,"507":0,"508":0,"509":0,"510":0,"511":0,"512":0,"513":0,"514":5,"515":1,"516":5,"517":5,"518":0,"519":0,"520":5},"f":{"0":5,"1":0,"2":0,"3":0,"4":5,"5":0,"6":11,"7":4,"8":3,"9":0,"10":0,"11":0,"12":0,"13":0,"14":0,"15":0,"16":0,"17":0,"18":0,"19":0,"20":9,"21":6,"22":0,"23":15,"24":0,"25":1,"26":0,"27":0,"28":0,"29":0,"30":0,"31":0,"32":0,"33":0,"34":0,"35":1,"36":0,"37":0,"38":0,"39":0,"40":0,"41":0,"42":0,"43":0,"44":0,"45":0,"46":0,"47":0,"48":0,"49":0,"50":0,"51":0,"52":0,"53":0,"54":0,"55":0,"56":0,"57":0,"58":0,"59":0,"60":0,"61":0,"62":0,"63":0,"64":1,"65":0},"b":{"0":[5,0],"1":[5,0],"2":[0,5],"3":[0,0],"4":[0,0],"5":[0,0],"6":[5,0],"7":[5,0],"8":[5,0],"9":[5,5],"10":[5,0],"11":[0,5],"12":[5,0],"13":[5,0],"14":[0,4],"15":[4,4],"16":[3,0],"17":[0,0,0],"18":[0,0,0],"19":[0,0],"20":[0,0,0],"21":[0,0],"22":[0,0],"23":[0,0],"24":[0,0],"25":[0,0],"26":[0,0],"27":[0,5],"28":[0,5],"29":[0,5],"30":[0,0],"31":[2,7],"32":[0,7],"33":[0,6],"34":[1,5],"35":[0,5],"36":[1,4],"37":[0,0],"38":[1],"39":[1],"40":[0,1],"41":[0,1],"42":[1,0],"43":[0,0],"44":[0,0],"45":[0,0],"46":[0,0],"47":[0,0],"48":[0,0],"49":[0,0],"50":[0,0],"51":[0,0],"52":[0,0],"53":[0,0],"54":[0,0],"55":[0,0],"56":[0,0],"57":[0,0],"58":[1,0],"59":[1,1],"60":[0,0],"61":[0,0],"62":[0,0],"63":[0,0],"64":[0,0],"65":[0],"66":[0],"67":[0,0],"68":[0,0],"69":[0,0],"70":[0,0],"71":[0,0],"72":[0,0],"73":[0,0],"74":[0,0],"75":[0,0],"76":[0,0],"77":[0,0],"78":[0,0],"79":[0,0],"80":[0,0],"81":[0,0],"82":[0,0],"83":[0,0],"84":[0,0],"85":[0,0],"86":[0,0],"87":[0,0],"88":[0,0],"89":[0,0],"90":[0,0],"91":[0,0],"92":[0,0],"93":[0,0],"94":[0,0],"95":[0,0],"96":[0,0],"97":[0],"98":[0],"99":[0],"100":[0],"101":[0,0],"102":[0,0],"103":[0,0],"104":[0,0],"105":[0,0],"106":[0,0],"107":[0,0],"108":[0,0],"109":[0,0],"110":[0,0],"111":[0,0],"112":[0,0],"113":[0,0],"114":[0,0],"115":[0,0],"116":[0,0,0],"117":[0,0],"118":[0,0],"119":[0,0],"120":[0,0],"121":[0,0],"122":[0,0],"123":[0,0],"124":[0,0],"125":[5,0],"126":[0,5]},"_coverageSchema":"1a1c01bbd47fc00a2c39e90264f33305004495a9","hash":"a58b1e1b492f5c4459ef2d4e20ec3ecc8c8c21f7"}
}
