TN:
SF:src\server.js
FN:30,(anonymous_0)
FN:44,(anonymous_1)
FN:49,(anonymous_2)
FN:57,(anonymous_3)
FN:84,(anonymous_4)
FN:85,(anonymous_5)
FN:91,signToken
FN:95,authMiddleware
FN:106,adminOnly
FN:111,genOrderCode
FN:118,vnpaySign
FN:121,(anonymous_11)
FN:122,(anonymous_12)
FN:132,vnpayVerify
FN:142,getClientIp
FN:150,getVnpayCreateDate
FN:156,findOrCreateOAuthUser
FN:200,(anonymous_17)
FN:220,(anonymous_18)
FN:239,(anonymous_19)
FN:264,(anonymous_20)
FN:293,(anonymous_21)
FN:317,(anonymous_22)
FN:327,(anonymous_23)
FN:327,(anonymous_24)
FN:355,(anonymous_25)
FN:385,(anonymous_26)
FN:406,(anonymous_27)
FN:437,(anonymous_28)
FN:458,(anonymous_29)
FN:473,(anonymous_30)
FN:482,(anonymous_31)
FN:488,(anonymous_32)
FN:505,(anonymous_33)
FN:522,(anonymous_34)
FN:536,(anonymous_35)
FN:598,(anonymous_36)
FN:621,(anonymous_37)
FN:635,(anonymous_38)
FN:660,(anonymous_39)
FN:703,(anonymous_40)
FN:753,(anonymous_41)
FN:809,(anonymous_42)
FN:831,(anonymous_43)
FN:856,(anonymous_44)
FN:879,(anonymous_45)
FN:885,(anonymous_46)
FN:896,(anonymous_47)
FN:911,(anonymous_48)
FN:921,(anonymous_49)
FN:927,(anonymous_50)
FN:944,(anonymous_51)
FN:957,(anonymous_52)
FN:963,(anonymous_53)
FN:978,(anonymous_54)
FN:1001,(anonymous_55)
FN:1007,(anonymous_56)
FN:1020,(anonymous_57)
FN:1027,(anonymous_58)
FN:1033,(anonymous_59)
FN:1043,(anonymous_60)
FN:1047,(anonymous_61)
FN:1053,(anonymous_62)
FN:1072,(anonymous_63)
FN:1100,(anonymous_64)
FN:1109,(anonymous_65)
FNF:66
FNH:11
FNDA:5,(anonymous_0)
FNDA:0,(anonymous_1)
FNDA:0,(anonymous_2)
FNDA:0,(anonymous_3)
FNDA:5,(anonymous_4)
FNDA:0,(anonymous_5)
FNDA:11,signToken
FNDA:4,authMiddleware
FNDA:3,adminOnly
FNDA:0,genOrderCode
FNDA:0,vnpaySign
FNDA:0,(anonymous_11)
FNDA:0,(anonymous_12)
FNDA:0,vnpayVerify
FNDA:0,getClientIp
FNDA:0,getVnpayCreateDate
FNDA:0,findOrCreateOAuthUser
FNDA:0,(anonymous_17)
FNDA:0,(anonymous_18)
FNDA:0,(anonymous_19)
FNDA:9,(anonymous_20)
FNDA:6,(anonymous_21)
FNDA:0,(anonymous_22)
FNDA:15,(anonymous_23)
FNDA:0,(anonymous_24)
FNDA:1,(anonymous_25)
FNDA:0,(anonymous_26)
FNDA:0,(anonymous_27)
FNDA:0,(anonymous_28)
FNDA:0,(anonymous_29)
FNDA:0,(anonymous_30)
FNDA:0,(anonymous_31)
FNDA:0,(anonymous_32)
FNDA:0,(anonymous_33)
FNDA:0,(anonymous_34)
FNDA:1,(anonymous_35)
FNDA:0,(anonymous_36)
FNDA:0,(anonymous_37)
FNDA:0,(anonymous_38)
FNDA:0,(anonymous_39)
FNDA:0,(anonymous_40)
FNDA:0,(anonymous_41)
FNDA:0,(anonymous_42)
FNDA:0,(anonymous_43)
FNDA:0,(anonymous_44)
FNDA:0,(anonymous_45)
FNDA:0,(anonymous_46)
FNDA:0,(anonymous_47)
FNDA:0,(anonymous_48)
FNDA:0,(anonymous_49)
FNDA:0,(anonymous_50)
FNDA:0,(anonymous_51)
FNDA:0,(anonymous_52)
FNDA:0,(anonymous_53)
FNDA:0,(anonymous_54)
FNDA:0,(anonymous_55)
FNDA:0,(anonymous_56)
FNDA:0,(anonymous_57)
FNDA:0,(anonymous_58)
FNDA:0,(anonymous_59)
FNDA:0,(anonymous_60)
FNDA:0,(anonymous_61)
FNDA:0,(anonymous_62)
FNDA:0,(anonymous_63)
FNDA:1,(anonymous_64)
FNDA:0,(anonymous_65)
DA:7,5
DA:8,5
DA:9,5
DA:10,5
DA:11,5
DA:12,5
DA:13,5
DA:14,5
DA:15,5
DA:16,5
DA:17,5
DA:18,5
DA:19,5
DA:20,5
DA:21,5
DA:22,5
DA:23,5
DA:25,5
DA:28,5
DA:30,5
DA:34,5
DA:35,5
DA:38,5
DA:39,5
DA:40,5
DA:43,5
DA:45,0
DA:46,0
DA:47,0
DA:50,0
DA:51,0
DA:54,5
DA:58,0
DA:59,0
DA:65,5
DA:77,5
DA:78,0
DA:81,5
DA:83,5
DA:84,5
DA:85,0
DA:88,5
DA:89,5
DA:92,11
DA:96,4
DA:97,4
DA:98,4
DA:99,4
DA:100,4
DA:102,0
DA:107,3
DA:108,0
DA:112,0
DA:119,0
DA:120,0
DA:121,0
DA:122,0
DA:124,0
DA:128,0
DA:133,0
DA:134,0
DA:135,0
DA:136,0
DA:137,0
DA:138,0
DA:143,0
DA:145,0
DA:146,0
DA:151,0
DA:152,0
DA:158,0
DA:162,0
DA:165,0
DA:166,0
DA:167,0
DA:168,0
DA:172,0
DA:173,0
DA:177,0
DA:178,0
DA:182,0
DA:187,0
DA:195,5
DA:196,0
DA:201,0
DA:202,0
DA:209,0
DA:210,0
DA:214,5
DA:215,0
DA:221,0
DA:222,0
DA:229,0
DA:230,0
DA:234,5
DA:235,0
DA:240,0
DA:241,0
DA:248,0
DA:249,0
DA:258,5
DA:265,9
DA:266,9
DA:268,7
DA:269,7
DA:270,7
DA:271,7
DA:273,7
DA:274,7
DA:278,7
DA:279,7
DA:280,7
DA:282,0
DA:288,5
DA:294,6
DA:295,6
DA:297,6
DA:298,6
DA:299,6
DA:300,6
DA:302,5
DA:303,5
DA:305,5
DA:306,5
DA:308,4
DA:309,4
DA:311,0
DA:317,5
DA:318,0
DA:322,0
DA:323,0
DA:327,15
DA:328,0
DA:329,0
DA:332,5
DA:333,5
DA:338,5
DA:339,5
DA:344,5
DA:345,5
DA:355,5
DA:356,1
DA:357,1
DA:358,1
DA:359,1
DA:360,1
DA:362,1
DA:363,1
DA:365,1
DA:367,1
DA:373,1
DA:378,1
DA:380,0
DA:385,5
DA:386,0
DA:387,0
DA:398,0
DA:399,0
DA:401,0
DA:406,5
DA:407,0
DA:408,0
DA:420,0
DA:422,0
DA:428,0
DA:430,0
DA:435,5
DA:438,0
DA:439,0
DA:441,0
DA:442,0
DA:444,0
DA:445,0
DA:449,0
DA:450,0
DA:452,0
DA:458,5
DA:459,0
DA:460,0
DA:461,0
DA:465,0
DA:466,0
DA:468,0
DA:473,5
DA:474,0
DA:475,0
DA:482,5
DA:483,0
DA:484,0
DA:488,5
DA:489,0
DA:490,0
DA:491,0
DA:492,0
DA:496,0
DA:497,0
DA:499,0
DA:500,0
DA:505,5
DA:506,0
DA:507,0
DA:508,0
DA:512,0
DA:513,0
DA:514,0
DA:516,0
DA:517,0
DA:522,5
DA:523,0
DA:524,0
DA:525,0
DA:526,0
DA:527,0
DA:528,0
DA:536,5
DA:537,1
DA:538,1
DA:540,0
DA:541,0
DA:542,0
DA:544,0
DA:545,0
DA:546,0
DA:547,0
DA:551,0
DA:552,0
DA:553,0
DA:554,0
DA:555,0
DA:556,0
DA:557,0
DA:560,0
DA:561,0
DA:564,0
DA:568,0
DA:571,0
DA:572,0
DA:576,0
DA:579,0
DA:580,0
DA:586,0
DA:587,0
DA:588,0
DA:590,0
DA:591,0
DA:593,0
DA:598,5
DA:599,0
DA:600,0
DA:601,0
DA:602,0
DA:603,0
DA:605,0
DA:606,0
DA:608,0
DA:614,0
DA:616,0
DA:621,5
DA:622,0
DA:623,0
DA:624,0
DA:625,0
DA:627,0
DA:628,0
DA:630,0
DA:635,5
DA:636,0
DA:637,0
DA:638,0
DA:640,0
DA:641,0
DA:647,5
DA:649,5
DA:660,5
DA:661,0
DA:662,0
DA:663,0
DA:665,0
DA:669,0
DA:670,0
DA:672,0
DA:673,0
DA:674,0
DA:676,0
DA:686,0
DA:693,0
DA:694,0
DA:697,0
DA:698,0
DA:703,5
DA:704,0
DA:705,0
DA:706,0
DA:707,0
DA:708,0
DA:710,0
DA:711,0
DA:712,0
DA:715,0
DA:716,0
DA:718,0
DA:726,0
DA:732,0
DA:734,0
DA:735,0
DA:740,0
DA:741,0
DA:744,0
DA:745,0
DA:747,0
DA:748,0
DA:753,5
DA:754,0
DA:755,0
DA:756,0
DA:757,0
DA:759,0
DA:760,0
DA:761,0
DA:764,0
DA:768,0
DA:769,0
DA:771,0
DA:772,0
DA:773,0
DA:776,0
DA:777,0
DA:779,0
DA:786,0
DA:787,0
DA:792,0
DA:795,0
DA:798,0
DA:799,0
DA:809,5
DA:810,0
DA:811,0
DA:812,0
DA:813,0
DA:822,0
DA:824,0
DA:829,5
DA:832,0
DA:833,0
DA:835,0
DA:836,0
DA:837,0
DA:841,0
DA:845,0
DA:847,0
DA:856,5
DA:857,0
DA:858,0
DA:859,0
DA:860,0
DA:861,0
DA:862,0
DA:863,0
DA:865,0
DA:874,0
DA:879,5
DA:880,0
DA:881,0
DA:885,5
DA:886,0
DA:887,0
DA:888,0
DA:896,5
DA:897,0
DA:898,0
DA:906,0
DA:907,0
DA:911,5
DA:912,0
DA:913,0
DA:921,5
DA:922,0
DA:923,0
DA:927,5
DA:928,0
DA:929,0
DA:930,0
DA:931,0
DA:935,0
DA:936,0
DA:938,0
DA:939,0
DA:944,5
DA:945,0
DA:946,0
DA:947,0
DA:951,0
DA:952,0
DA:953,0
DA:957,5
DA:958,0
DA:959,0
DA:963,5
DA:964,0
DA:965,0
DA:973,0
DA:974,0
DA:978,5
DA:979,0
DA:980,0
DA:981,0
DA:982,0
DA:986,0
DA:987,0
DA:988,0
DA:989,0
DA:992,0
DA:993,0
DA:1001,5
DA:1002,0
DA:1003,0
DA:1007,5
DA:1008,0
DA:1009,0
DA:1010,0
DA:1011,0
DA:1015,0
DA:1016,0
DA:1020,5
DA:1021,0
DA:1022,0
DA:1023,0
DA:1027,5
DA:1028,0
DA:1029,0
DA:1033,5
DA:1034,0
DA:1035,0
DA:1043,5
DA:1044,0
DA:1045,0
DA:1046,0
DA:1047,0
DA:1048,0
DA:1049,0
DA:1053,5
DA:1054,0
DA:1055,0
DA:1056,0
DA:1057,0
DA:1062,0
DA:1063,0
DA:1070,5
DA:1072,5
DA:1073,0
DA:1074,0
DA:1075,0
DA:1077,0
DA:1078,0
DA:1080,0
DA:1082,0
DA:1090,0
DA:1091,0
DA:1094,0
DA:1095,0
DA:1096,0
DA:1100,5
DA:1105,5
DA:1108,5
DA:1109,0
DA:1112,5
LF:466
LH:135
BRDA:8,0,0,5
BRDA:8,0,1,0
BRDA:29,1,0,5
BRDA:29,1,1,0
BRDA:39,2,0,0
BRDA:39,2,1,5
BRDA:46,3,0,0
BRDA:46,3,1,0
BRDA:50,4,0,0
BRDA:50,4,1,0
BRDA:58,5,0,0
BRDA:58,5,1,0
BRDA:66,6,0,5
BRDA:66,6,1,0
BRDA:67,7,0,5
BRDA:67,7,1,0
BRDA:68,8,0,5
BRDA:68,8,1,0
BRDA:69,9,0,5
BRDA:69,9,1,5
BRDA:70,10,0,5
BRDA:70,10,1,0
BRDA:77,11,0,0
BRDA:77,11,1,5
BRDA:88,12,0,5
BRDA:88,12,1,0
BRDA:89,13,0,5
BRDA:89,13,1,0
BRDA:97,14,0,0
BRDA:97,14,1,4
BRDA:97,15,0,4
BRDA:97,15,1,4
BRDA:107,16,0,3
BRDA:107,16,1,0
BRDA:121,17,0,0
BRDA:121,17,1,0
BRDA:121,17,2,0
BRDA:143,18,0,0
BRDA:143,18,1,0
BRDA:143,18,2,0
BRDA:145,19,0,0
BRDA:145,19,1,0
BRDA:145,20,0,0
BRDA:145,20,1,0
BRDA:145,20,2,0
BRDA:162,21,0,0
BRDA:162,21,1,0
BRDA:166,22,0,0
BRDA:166,22,1,0
BRDA:168,23,0,0
BRDA:168,23,1,0
BRDA:172,24,0,0
BRDA:172,24,1,0
BRDA:175,25,0,0
BRDA:175,25,1,0
BRDA:175,26,0,0
BRDA:175,26,1,0
BRDA:195,27,0,0
BRDA:195,27,1,5
BRDA:214,28,0,0
BRDA:214,28,1,5
BRDA:234,29,0,0
BRDA:234,29,1,5
BRDA:244,30,0,0
BRDA:244,30,1,0
BRDA:266,31,0,2
BRDA:266,31,1,7
BRDA:271,32,0,0
BRDA:271,32,1,7
BRDA:295,33,0,0
BRDA:295,33,1,6
BRDA:300,34,0,1
BRDA:300,34,1,5
BRDA:303,35,0,0
BRDA:303,35,1,5
BRDA:306,36,0,1
BRDA:306,36,1,4
BRDA:322,37,0,0
BRDA:322,37,1,0
BRDA:357,38,0,1
BRDA:357,39,0,1
BRDA:362,40,0,0
BRDA:362,40,1,1
BRDA:363,41,0,0
BRDA:363,41,1,1
BRDA:365,42,0,1
BRDA:365,42,1,0
BRDA:398,43,0,0
BRDA:398,43,1,0
BRDA:420,44,0,0
BRDA:420,44,1,0
BRDA:439,45,0,0
BRDA:439,45,1,0
BRDA:447,46,0,0
BRDA:447,46,1,0
BRDA:447,47,0,0
BRDA:447,47,1,0
BRDA:463,48,0,0
BRDA:463,48,1,0
BRDA:463,49,0,0
BRDA:463,49,1,0
BRDA:490,50,0,0
BRDA:490,50,1,0
BRDA:490,51,0,0
BRDA:490,51,1,0
BRDA:494,52,0,0
BRDA:494,52,1,0
BRDA:499,53,0,0
BRDA:499,53,1,0
BRDA:510,54,0,0
BRDA:510,54,1,0
BRDA:513,55,0,0
BRDA:513,55,1,0
BRDA:516,56,0,0
BRDA:516,56,1,0
BRDA:525,57,0,0
BRDA:525,57,1,0
BRDA:538,58,0,1
BRDA:538,58,1,0
BRDA:538,59,0,1
BRDA:538,59,1,1
BRDA:546,60,0,0
BRDA:546,60,1,0
BRDA:547,61,0,0
BRDA:547,61,1,0
BRDA:566,62,0,0
BRDA:566,62,1,0
BRDA:566,63,0,0
BRDA:566,63,1,0
BRDA:579,64,0,0
BRDA:579,64,1,0
BRDA:600,65,0,0
BRDA:600,66,0,0
BRDA:602,67,0,0
BRDA:602,67,1,0
BRDA:603,68,0,0
BRDA:603,68,1,0
BRDA:605,69,0,0
BRDA:605,69,1,0
BRDA:606,70,0,0
BRDA:606,70,1,0
BRDA:624,71,0,0
BRDA:624,71,1,0
BRDA:625,72,0,0
BRDA:625,72,1,0
BRDA:625,73,0,0
BRDA:625,73,1,0
BRDA:638,74,0,0
BRDA:638,74,1,0
BRDA:663,75,0,0
BRDA:663,75,1,0
BRDA:669,76,0,0
BRDA:669,76,1,0
BRDA:670,77,0,0
BRDA:670,77,1,0
BRDA:704,78,0,0
BRDA:704,78,1,0
BRDA:710,79,0,0
BRDA:710,79,1,0
BRDA:716,80,0,0
BRDA:716,80,1,0
BRDA:723,81,0,0
BRDA:723,81,1,0
BRDA:723,82,0,0
BRDA:723,82,1,0
BRDA:732,83,0,0
BRDA:732,83,1,0
BRDA:734,84,0,0
BRDA:734,84,1,0
BRDA:759,85,0,0
BRDA:759,85,1,0
BRDA:768,86,0,0
BRDA:768,86,1,0
BRDA:769,87,0,0
BRDA:769,87,1,0
BRDA:771,88,0,0
BRDA:771,88,1,0
BRDA:777,89,0,0
BRDA:777,89,1,0
BRDA:783,90,0,0
BRDA:783,90,1,0
BRDA:783,91,0,0
BRDA:783,91,1,0
BRDA:786,92,0,0
BRDA:786,92,1,0
BRDA:811,93,0,0
BRDA:811,93,1,0
BRDA:833,94,0,0
BRDA:833,94,1,0
BRDA:839,95,0,0
BRDA:839,95,1,0
BRDA:839,96,0,0
BRDA:839,96,1,0
BRDA:928,97,0,0
BRDA:928,98,0,0
BRDA:928,99,0,0
BRDA:928,100,0,0
BRDA:929,101,0,0
BRDA:929,101,1,0
BRDA:929,102,0,0
BRDA:929,102,1,0
BRDA:933,103,0,0
BRDA:933,103,1,0
BRDA:933,104,0,0
BRDA:933,104,1,0
BRDA:933,105,0,0
BRDA:933,105,1,0
BRDA:938,106,0,0
BRDA:938,106,1,0
BRDA:949,107,0,0
BRDA:949,107,1,0
BRDA:949,108,0,0
BRDA:949,108,1,0
BRDA:949,109,0,0
BRDA:949,109,1,0
BRDA:980,110,0,0
BRDA:980,110,1,0
BRDA:986,111,0,0
BRDA:986,111,1,0
BRDA:987,112,0,0
BRDA:987,112,1,0
BRDA:987,113,0,0
BRDA:987,113,1,0
BRDA:989,114,0,0
BRDA:989,114,1,0
BRDA:1009,115,0,0
BRDA:1009,115,1,0
BRDA:1009,116,0,0
BRDA:1009,116,1,0
BRDA:1009,116,2,0
BRDA:1013,117,0,0
BRDA:1013,117,1,0
BRDA:1013,118,0,0
BRDA:1013,118,1,0
BRDA:1075,119,0,0
BRDA:1075,119,1,0
BRDA:1075,120,0,0
BRDA:1075,120,1,0
BRDA:1078,121,0,0
BRDA:1078,121,1,0
BRDA:1090,122,0,0
BRDA:1090,122,1,0
BRDA:1095,123,0,0
BRDA:1095,123,1,0
BRDA:1096,124,0,0
BRDA:1096,124,1,0
BRDA:1105,125,0,5
BRDA:1105,125,1,0
BRDA:1108,126,0,0
BRDA:1108,126,1,5
BRF:250
BRH:38
end_of_record
